This file contains any messages produced by compilers while
running configure, to aid debugging if configure makes a mistake.

It was created by Open Babel configure 2.2.3, which was
generated by GNU Autoconf 2.63.  Invocation command line was

  $ ./configure --disable-dynamic-modules --enable-static=yes

## --------- ##
## Platform. ##
## --------- ##

hostname = BYJFX1
uname -m = i686
uname -r = 1.0.10(0.46/3/2)
uname -s = MINGW32_NT-5.1
uname -v = 2004-03-15 07:17

/usr/bin/uname -p = unknown
/bin/uname -X     = unknown

/bin/arch              = unknown
/usr/bin/arch -k       = unknown
/usr/convex/getsysinfo = unknown
/usr/bin/hostinfo      = unknown
/bin/machine           = unknown
/usr/bin/oslevel       = unknown
/bin/universe          = unknown

PATH: .
PATH: /usr/local/bin
PATH: /mingw/bin
PATH: /bin
PATH: /d/Symyx/SymyxCheshire4.1/lib
PATH: /c/eclipse_near_3.2/jdk1.5.0_05/jre
PATH: /c/eclipse_near_3.2/jdk1.5.0_05/jre/bin/client
PATH: /c/Perl/site/bin
PATH: /c/Perl/bin
PATH: /d/Python25/
PATH: /c/Oracle/Ora92/bin
PATH: /c/Program Files/Oracle/jre/1.3.1/bin
PATH: /c/Program Files/Oracle/jre/1.1.8/bin
PATH: /c/Program Files/Documentum/Shared
PATH: /c/WINDOWS/system32
PATH: /c/WINDOWS
PATH: /c/WINDOWS/System32/Wbem
PATH: /c/Program Files/PuTTY/
PATH: /c/Program Files/Common Files/MDL Shared/isis
PATH: /c/PROGRA~1/sqllib/BIN
PATH: /c/PROGRA~1/sqllib/FUNCTION
PATH: /c/Program Files/Utimaco/SafeGuard Easy/
PATH: /c/Program Files/PostgreSQL/8.3/lib
PATH: /c/Program Files/TortoiseCVS
PATH: /d/Program Files/InfoChem/ICEdit
PATH: /c/Program Files/InfoChem/ICEdit
PATH: /c/program files/postgresql/8.3/bin
PATH: /c/Program Files/TortoiseSVN/bin
PATH: /c/Program Files/QuickTime/QTSystem/
PATH: /c/WINDOWS/Microsoft.NET/Framework/v2.0.50727
PATH: /c/Program Files/Microsoft Application Virtualization Client
PATH: /d/Program Files/MiKTeX 2.7/miktex/bin
PATH: /c/gs/gs8.15/bin
PATH: /c/temp/chemcollect
PATH: /c/Program Files/OpenBabel-2.2.0


## ----------- ##
## Core tests. ##
## ----------- ##

configure:2174: checking for a BSD-compatible install
configure:2242: result: /bin/install -c
configure:2253: checking whether build environment is sane
configure:2313: result: yes
configure:2454: checking for a thread-safe mkdir -p
configure:2493: result: /bin/mkdir -p
configure:2506: checking for gawk
configure:2522: found /bin/gawk
configure:2533: result: gawk
configure:2544: checking whether make sets $(MAKE)
configure:2566: result: yes
configure:2640: checking whether to enable maintainer-specific portions of Makefiles
configure:2649: result: no
configure:2662: checking auto silent in maintainer mode
configure:2674: result: auto-sleep-9
configure:2729: checking build system type
configure:2747: result: i686-pc-mingw32
configure:2769: checking host system type
configure:2784: result: i686-pc-mingw32
configure:2883: checking for style of include used by make
configure:2911: result: GNU
configure:2991: checking for g++
configure:3007: found /mingw/bin/g++
configure:3018: result: g++
configure:3045: checking for C++ compiler version
configure:3053: g++ --version >&5
g++.exe (GCC) 4.3.3-dw2-tdm-1
Copyright (C) 2008 Free Software Foundation, Inc.
This is free software; see the source for copying conditions.  There is NO
warranty; not even for MERCHANTABILITY or FITNESS FOR A PARTICULAR PURPOSE.

configure:3057: $? = 0
configure:3064: g++ -v >&5
Using built-in specs.
Target: i686-pc-mingw32
Configured with: ../src/configure --prefix=c:/temp/gcc/dest --enable-languages=c,c++ --enable-threads --disable-nls --disable-win32-registry --disable-sjlj-exceptions --with-arch=i486 --with-tune=generic --enable-cxx-flags='-fno-function-sections -fno-data-sections' --disable-libstdcxx-pch --disable-shared --enable-checking=release --disable-bootstrap --disable-symvers --enable-fully-dynamic-string
Thread model: win32
gcc version 4.3.3-dw2-tdm-1 (GCC) 
configure:3068: $? = 0
configure:3075: g++ -V >&5
g++.exe: '-V' option must have argument
configure:3079: $? = 1
configure:3102: checking for C++ compiler default output file name
configure:3124: g++    conftest.cpp  >&5
configure:3128: $? = 0
configure:3166: result: a.exe
configure:3185: checking whether the C++ compiler works
configure:3195: ./a.exe
configure:3199: $? = 0
configure:3218: result: yes
configure:3225: checking whether we are cross compiling
configure:3227: result: no
configure:3230: checking for suffix of executables
configure:3237: g++ -o conftest.exe    conftest.cpp  >&5
configure:3241: $? = 0
configure:3267: result: .exe
configure:3273: checking for suffix of object files
configure:3299: g++ -c   conftest.cpp >&5
configure:3303: $? = 0
configure:3328: result: o
configure:3332: checking whether we are using the GNU C++ compiler
configure:3361: g++ -c   conftest.cpp >&5
configure:3368: $? = 0
configure:3385: result: yes
configure:3394: checking whether g++ accepts -g
configure:3424: g++ -c -g  conftest.cpp >&5
configure:3431: $? = 0
configure:3532: result: yes
configure:3557: checking dependency style of g++
configure:3667: result: gcc3
configure:3713: checking for boostlib >= 1.33.1
configure:3773: g++ -c -g -O2   conftest.cpp >&5
configure:3780: $? = 0
configure:3786: result: yes
configure:4001: checking for gcc
configure:4017: found /mingw/bin/gcc
configure:4028: result: gcc
configure:4260: checking for C compiler version
configure:4268: gcc --version >&5
gcc.exe (GCC) 4.3.3-dw2-tdm-1
Copyright (C) 2008 Free Software Foundation, Inc.
This is free software; see the source for copying conditions.  There is NO
warranty; not even for MERCHANTABILITY or FITNESS FOR A PARTICULAR PURPOSE.

configure:4272: $? = 0
configure:4279: gcc -v >&5
Using built-in specs.
Target: i686-pc-mingw32
Configured with: ../src/configure --prefix=c:/temp/gcc/dest --enable-languages=c,c++ --enable-threads --disable-nls --disable-win32-registry --disable-sjlj-exceptions --with-arch=i486 --with-tune=generic --enable-cxx-flags='-fno-function-sections -fno-data-sections' --disable-libstdcxx-pch --disable-shared --enable-checking=release --disable-bootstrap --disable-symvers --enable-fully-dynamic-string
Thread model: win32
gcc version 4.3.3-dw2-tdm-1 (GCC) 
configure:4283: $? = 0
configure:4290: gcc -V >&5
gcc.exe: '-V' option must have argument
configure:4294: $? = 1
configure:4297: checking whether we are using the GNU C compiler
configure:4326: gcc -c   conftest.c >&5
configure:4333: $? = 0
configure:4350: result: yes
configure:4359: checking whether gcc accepts -g
configure:4389: gcc -c -g  conftest.c >&5
configure:4396: $? = 0
configure:4497: result: yes
configure:4514: checking for gcc option to accept ISO C89
configure:4588: gcc  -c -g -O2  conftest.c >&5
configure:4595: $? = 0
configure:4618: result: none needed
configure:4638: checking dependency style of gcc
configure:4748: result: gcc3
configure:4875: checking for C++ compiler version
configure:4883: g++ --version >&5
g++.exe (GCC) 4.3.3-dw2-tdm-1
Copyright (C) 2008 Free Software Foundation, Inc.
This is free software; see the source for copying conditions.  There is NO
warranty; not even for MERCHANTABILITY or FITNESS FOR A PARTICULAR PURPOSE.

configure:4887: $? = 0
configure:4894: g++ -v >&5
Using built-in specs.
Target: i686-pc-mingw32
Configured with: ../src/configure --prefix=c:/temp/gcc/dest --enable-languages=c,c++ --enable-threads --disable-nls --disable-win32-registry --disable-sjlj-exceptions --with-arch=i486 --with-tune=generic --enable-cxx-flags='-fno-function-sections -fno-data-sections' --disable-libstdcxx-pch --disable-shared --enable-checking=release --disable-bootstrap --disable-symvers --enable-fully-dynamic-string
Thread model: win32
gcc version 4.3.3-dw2-tdm-1 (GCC) 
configure:4898: $? = 0
configure:4905: g++ -V >&5
g++.exe: '-V' option must have argument
configure:4909: $? = 1
configure:4912: checking whether we are using the GNU C++ compiler
configure:4965: result: yes
configure:4974: checking whether g++ accepts -g
configure:5112: result: yes
configure:5137: checking dependency style of g++
configure:5247: result: gcc3
configure:5267: checking how to run the C++ preprocessor
configure:5303: g++ -E  conftest.cpp
configure:5310: $? = 0
configure:5341: g++ -E  conftest.cpp
conftest.cpp:11:28: error: ac_nonexistent.h: No such file or directory
configure:5348: $? = 1
configure: failed program was:
| /* confdefs.h.  */
| #define PACKAGE_NAME "Open Babel"
| #define PACKAGE_TARNAME "openbabel"
| #define PACKAGE_VERSION "2.2.3"
| #define PACKAGE_STRING "Open Babel 2.2.3"
| #define PACKAGE_BUGREPORT "openbabel-discuss@lists.sourceforge.net"
| #define BABEL_VERSION "2.2.3"
| #define BABEL_DATADIR "/usr/local/share/openbabel"
| #define HAVE_BOOST /**/
| /* end confdefs.h.  */
| #include <ac_nonexistent.h>
configure:5381: result: g++ -E
configure:5410: g++ -E  conftest.cpp
configure:5417: $? = 0
configure:5448: g++ -E  conftest.cpp
conftest.cpp:11:28: error: ac_nonexistent.h: No such file or directory
configure:5455: $? = 1
configure: failed program was:
| /* confdefs.h.  */
| #define PACKAGE_NAME "Open Babel"
| #define PACKAGE_TARNAME "openbabel"
| #define PACKAGE_VERSION "2.2.3"
| #define PACKAGE_STRING "Open Babel 2.2.3"
| #define PACKAGE_BUGREPORT "openbabel-discuss@lists.sourceforge.net"
| #define BABEL_VERSION "2.2.3"
| #define BABEL_DATADIR "/usr/local/share/openbabel"
| #define HAVE_BOOST /**/
| /* end confdefs.h.  */
| #include <ac_nonexistent.h>
configure:5508: checking for a BSD-compatible install
configure:5576: result: /bin/install -c
configure:5589: checking for doxygen
configure:5622: result: no
configure:5629: checking for swig
configure:5662: result: no
configure:5669: checking for perl
configure:5687: found /c/Perl/bin/perl
configure:5699: result: /c/Perl/bin/perl
configure:5709: checking for prove
configure:5742: result: no
configure:5749: checking for python
configure:5767: found /d/Python25//python
configure:5779: result: /d/Python25//python
configure:5789: checking for ruby
configure:5822: result: no
configure:5831: checking for gmcs
configure:5864: result: no
configure:5875: checking for javac
configure:5908: result: no
configure:5915: checking for jar
configure:5948: result: no
configure:5958: checking for wx-config
configure:5991: result: no
configure:6055: WARNING: Cannot find doxygen to build documentation.
	Have a look at http://www.doxygen.org/
configure:6158: checking for as
configure:6174: found /mingw/bin/as
configure:6185: result: as
configure:6250: checking for dlltool
configure:6266: found /mingw/bin/dlltool
configure:6277: result: dlltool
configure:6342: checking for objdump
configure:6358: found /mingw/bin/objdump
configure:6369: result: objdump
configure:6420: WARNING: Libtool does not cope well with whitespace in `pwd`
configure:6443: checking for a sed that does not truncate output
configure:6509: result: /mingw/bin/sed
configure:6527: checking for grep that handles long lines and -e
configure:6587: result: /mingw/bin/grep
configure:6592: checking for egrep
configure:6656: result: /mingw/bin/grep -E
configure:6661: checking for fgrep
configure:6725: result: /mingw/bin/grep -F
configure:6760: checking for ld used by gcc
configure:6827: result: /mingw/bin/ld
configure:6836: checking if the linker (/mingw/bin/ld) is GNU ld
configure:6851: result: yes
configure:6863: checking for BSD- or MS-compatible name lister (nm)
configure:6912: result: /mingw/bin/nm
configure:7030: checking the name lister (/mingw/bin/nm) interface
configure:7037: gcc -c -g -O2  conftest.c >&5
configure:7040: /mingw/bin/nm "conftest.o"
configure:7043: output
00000000 b .bss
00000000 d .data
00000000 N .debug_abbrev
00000000 N .debug_info
00000000 N .debug_line
00000000 N .debug_pubnames
00000000 t .text
00000000 B _some_variable
configure:7050: result: BSD nm
configure:7053: checking whether ln -s works
configure:7060: result: no, using cp -p
configure:7065: checking the maximum length of command line arguments
configure:7185: result: 8192
configure:7202: checking whether the shell understands some XSI constructs
configure:7212: result: yes
configure:7216: checking whether the shell understands "+="
configure:7222: result: no
configure:7257: checking for /mingw/bin/ld option to reload object files
configure:7264: result: -r
configure:7333: checking for objdump
configure:7360: result: objdump
configure:7389: checking how to recognize dependent libraries
configure:7585: result: file_magic file format pei*-i386(.*architecture: i386)?
configure:7645: checking for ar
configure:7661: found /mingw/bin/ar
configure:7672: result: ar
configure:7750: checking for strip
configure:7766: found /mingw/bin/strip
configure:7777: result: strip
configure:7849: checking for ranlib
configure:7865: found /mingw/bin/ranlib
configure:7876: result: ranlib
configure:7966: checking command to parse /mingw/bin/nm output from gcc object
configure:8084: gcc -c -g -O2  conftest.c >&5
configure:8087: $? = 0
configure:8091: /mingw/bin/nm conftest.o \| sed -n -e 's/^.*[	 ]\([ABCDGIRSTW][ABCDGIRSTW]*\)[	 ][	 ]*\([_A-Za-z][_A-Za-z0-9]*\)\{0,1\}$/\1 \2 \2/p' \> conftest.nm
configure:8094: $? = 0
cannot find nm_test_var in conftest.nm
configure:8084: gcc -c -g -O2  conftest.c >&5
configure:8087: $? = 0
configure:8091: /mingw/bin/nm conftest.o \| sed -n -e 's/^.*[	 ]\([ABCDGIRSTW][ABCDGIRSTW]*\)[	 ][	 ]*_\([_A-Za-z][_A-Za-z0-9]*\)\{0,1\}$/\1 _\2 \2/p' \> conftest.nm
configure:8094: $? = 0
configure:8148: gcc -o conftest.exe -g -O2   conftest.c conftstm.o >&5
configure:8151: $? = 0
configure:8189: result: ok
configure:9056: checking how to run the C preprocessor
configure:9096: gcc -E  conftest.c
configure:9103: $? = 0
configure:9134: gcc -E  conftest.c
conftest.c:11:28: error: ac_nonexistent.h: No such file or directory
configure:9141: $? = 1
configure: failed program was:
| /* confdefs.h.  */
| #define PACKAGE_NAME "Open Babel"
| #define PACKAGE_TARNAME "openbabel"
| #define PACKAGE_VERSION "2.2.3"
| #define PACKAGE_STRING "Open Babel 2.2.3"
| #define PACKAGE_BUGREPORT "openbabel-discuss@lists.sourceforge.net"
| #define BABEL_VERSION "2.2.3"
| #define BABEL_DATADIR "/usr/local/share/openbabel"
| #define HAVE_BOOST /**/
| /* end confdefs.h.  */
| #include <ac_nonexistent.h>
configure:9174: result: gcc -E
configure:9203: gcc -E  conftest.c
configure:9210: $? = 0
configure:9241: gcc -E  conftest.c
conftest.c:11:28: error: ac_nonexistent.h: No such file or directory
configure:9248: $? = 1
configure: failed program was:
| /* confdefs.h.  */
| #define PACKAGE_NAME "Open Babel"
| #define PACKAGE_TARNAME "openbabel"
| #define PACKAGE_VERSION "2.2.3"
| #define PACKAGE_STRING "Open Babel 2.2.3"
| #define PACKAGE_BUGREPORT "openbabel-discuss@lists.sourceforge.net"
| #define BABEL_VERSION "2.2.3"
| #define BABEL_DATADIR "/usr/local/share/openbabel"
| #define HAVE_BOOST /**/
| /* end confdefs.h.  */
| #include <ac_nonexistent.h>
configure:9288: checking for ANSI C header files
configure:9318: gcc -c -g -O2  conftest.c >&5
configure:9325: $? = 0
configure:9421: gcc -o conftest.exe -g -O2   conftest.c  >&5
configure:9425: $? = 0
configure:9431: ./conftest.exe
configure:9435: $? = 0
configure:9453: result: yes
configure:9477: checking for sys/types.h
configure:9498: gcc -c -g -O2  conftest.c >&5
configure:9505: $? = 0
configure:9522: result: yes
configure:9477: checking for sys/stat.h
configure:9498: gcc -c -g -O2  conftest.c >&5
configure:9505: $? = 0
configure:9522: result: yes
configure:9477: checking for stdlib.h
configure:9498: gcc -c -g -O2  conftest.c >&5
configure:9505: $? = 0
configure:9522: result: yes
configure:9477: checking for string.h
configure:9498: gcc -c -g -O2  conftest.c >&5
configure:9505: $? = 0
configure:9522: result: yes
configure:9477: checking for memory.h
configure:9498: gcc -c -g -O2  conftest.c >&5
configure:9505: $? = 0
configure:9522: result: yes
configure:9477: checking for strings.h
configure:9498: gcc -c -g -O2  conftest.c >&5
configure:9505: $? = 0
configure:9522: result: yes
configure:9477: checking for inttypes.h
configure:9498: gcc -c -g -O2  conftest.c >&5
configure:9505: $? = 0
configure:9522: result: yes
configure:9477: checking for stdint.h
configure:9498: gcc -c -g -O2  conftest.c >&5
configure:9505: $? = 0
configure:9522: result: yes
configure:9477: checking for unistd.h
configure:9498: gcc -c -g -O2  conftest.c >&5
configure:9505: $? = 0
configure:9522: result: yes
configure:9540: checking for dlfcn.h
configure:9561: gcc -c -g -O2  conftest.c >&5
conftest.c:55:19: error: dlfcn.h: No such file or directory
configure:9568: $? = 1
configure: failed program was:
| /* confdefs.h.  */
| #define PACKAGE_NAME "Open Babel"
| #define PACKAGE_TARNAME "openbabel"
| #define PACKAGE_VERSION "2.2.3"
| #define PACKAGE_STRING "Open Babel 2.2.3"
| #define PACKAGE_BUGREPORT "openbabel-discuss@lists.sourceforge.net"
| #define BABEL_VERSION "2.2.3"
| #define BABEL_DATADIR "/usr/local/share/openbabel"
| #define HAVE_BOOST /**/
| #define STDC_HEADERS 1
| #define HAVE_SYS_TYPES_H 1
| #define HAVE_SYS_STAT_H 1
| #define HAVE_STDLIB_H 1
| #define HAVE_STRING_H 1
| #define HAVE_MEMORY_H 1
| #define HAVE_STRINGS_H 1
| #define HAVE_INTTYPES_H 1
| #define HAVE_STDINT_H 1
| #define HAVE_UNISTD_H 1
| /* end confdefs.h.  */
| #include <stdio.h>
| #ifdef HAVE_SYS_TYPES_H
| # include <sys/types.h>
| #endif
| #ifdef HAVE_SYS_STAT_H
| # include <sys/stat.h>
| #endif
| #ifdef STDC_HEADERS
| # include <stdlib.h>
| # include <stddef.h>
| #else
| # ifdef HAVE_STDLIB_H
| #  include <stdlib.h>
| # endif
| #endif
| #ifdef HAVE_STRING_H
| # if !defined STDC_HEADERS && defined HAVE_MEMORY_H
| #  include <memory.h>
| # endif
| # include <string.h>
| #endif
| #ifdef HAVE_STRINGS_H
| # include <strings.h>
| #endif
| #ifdef HAVE_INTTYPES_H
| # include <inttypes.h>
| #endif
| #ifdef HAVE_STDINT_H
| # include <stdint.h>
| #endif
| #ifdef HAVE_UNISTD_H
| # include <unistd.h>
| #endif
| 
| #include <dlfcn.h>
configure:9585: result: no
configure:9712: checking for C++ compiler version
configure:9720: g++ --version >&5
g++.exe (GCC) 4.3.3-dw2-tdm-1
Copyright (C) 2008 Free Software Foundation, Inc.
This is free software; see the source for copying conditions.  There is NO
warranty; not even for MERCHANTABILITY or FITNESS FOR A PARTICULAR PURPOSE.

configure:9724: $? = 0
configure:9731: g++ -v >&5
Using built-in specs.
Target: i686-pc-mingw32
Configured with: ../src/configure --prefix=c:/temp/gcc/dest --enable-languages=c,c++ --enable-threads --disable-nls --disable-win32-registry --disable-sjlj-exceptions --with-arch=i486 --with-tune=generic --enable-cxx-flags='-fno-function-sections -fno-data-sections' --disable-libstdcxx-pch --disable-shared --enable-checking=release --disable-bootstrap --disable-symvers --enable-fully-dynamic-string
Thread model: win32
gcc version 4.3.3-dw2-tdm-1 (GCC) 
configure:9735: $? = 0
configure:9742: g++ -V >&5
g++.exe: '-V' option must have argument
configure:9746: $? = 1
configure:9749: checking whether we are using the GNU C++ compiler
configure:9802: result: yes
configure:9811: checking whether g++ accepts -g
configure:9949: result: yes
configure:9974: checking dependency style of g++
configure:10084: result: gcc3
configure:10107: checking how to run the C++ preprocessor
configure:10221: result: g++ -E
configure:10250: g++ -E  conftest.cpp
configure:10257: $? = 0
configure:10288: g++ -E  conftest.cpp
conftest.cpp:21:28: error: ac_nonexistent.h: No such file or directory
configure:10295: $? = 1
configure: failed program was:
| /* confdefs.h.  */
| #define PACKAGE_NAME "Open Babel"
| #define PACKAGE_TARNAME "openbabel"
| #define PACKAGE_VERSION "2.2.3"
| #define PACKAGE_STRING "Open Babel 2.2.3"
| #define PACKAGE_BUGREPORT "openbabel-discuss@lists.sourceforge.net"
| #define BABEL_VERSION "2.2.3"
| #define BABEL_DATADIR "/usr/local/share/openbabel"
| #define HAVE_BOOST /**/
| #define STDC_HEADERS 1
| #define HAVE_SYS_TYPES_H 1
| #define HAVE_SYS_STAT_H 1
| #define HAVE_STDLIB_H 1
| #define HAVE_STRING_H 1
| #define HAVE_MEMORY_H 1
| #define HAVE_STRINGS_H 1
| #define HAVE_INTTYPES_H 1
| #define HAVE_STDINT_H 1
| #define HAVE_UNISTD_H 1
| /* end confdefs.h.  */
| #include <ac_nonexistent.h>
configure:10474: checking for objdir
configure:10489: result: .libs
configure:10785: checking if gcc supports -fno-rtti -fno-exceptions
configure:10806: gcc -c -g -O2  -fno-rtti -fno-exceptions conftest.c >&5
cc1.exe: warning: command line option "-fno-rtti" is valid for C++/ObjC++ but not for C
configure:10810: $? = 0
configure:10820: result: no
configure:10840: checking for gcc option to produce PIC
configure:11112: result: -DDLL_EXPORT -DPIC
configure:11124: checking if gcc PIC flag -DDLL_EXPORT -DPIC works
configure:11145: gcc -c -g -O2  -DDLL_EXPORT -DPIC -DPIC conftest.c >&5
configure:11149: $? = 0
configure:11159: result: yes
configure:11183: checking if gcc static flag -static works
configure:11211: result: yes
configure:11226: checking if gcc supports -c -o file.o
configure:11250: gcc -c -g -O2  -o out/conftest2.o conftest.c >&5
configure:11254: $? = 0
configure:11273: result: yes
configure:11281: checking if gcc supports -c -o file.o
configure:11328: result: yes
configure:11361: checking whether the gcc linker (/mingw/bin/ld) supports shared libraries
configure:12435: result: yes
configure:12472: checking whether -lc should be explicitly linked in
configure:12477: gcc -c -g -O2  conftest.c >&5
configure:12480: $? = 0
configure:12495: gcc -shared conftest.o  -v -o ./conftest -Wl,--enable-auto-image-base -Xlinker --out-implib -Xlinker conftest 2\>\&1 \| /mingw/bin/grep  -lc  \>/dev/null 2\>\&1
configure:12498: $? = 1
configure:12510: result: yes
configure:12674: checking dynamic linker characteristics
configure:13357: result: Win32 ld.exe
configure:13459: checking how to hardcode library paths into programs
configure:13484: result: immediate
configure:14317: checking whether stripping libraries is possible
configure:14322: result: yes
configure:14357: checking if libtool supports shared libraries
configure:14359: result: yes
configure:14362: checking whether to build shared libraries
configure:14383: result: yes
configure:14386: checking whether to build static libraries
configure:14390: result: yes
configure:14540: checking for ld used by g++
configure:14607: result: /mingw/bin/ld
configure:14616: checking if the linker (/mingw/bin/ld) is GNU ld
configure:14631: result: yes
configure:14686: checking whether the g++ linker (/mingw/bin/ld) supports shared libraries
configure:15661: result: yes
configure:15689: g++ -c -g -O2  conftest.cpp >&5
configure:15692: $? = 0
configure:15874: checking for g++ option to produce PIC
configure:16191: result: -DDLL_EXPORT -DPIC
configure:16200: checking if g++ PIC flag -DDLL_EXPORT -DPIC works
configure:16221: g++ -c -g -O2  -DDLL_EXPORT -DPIC -DPIC conftest.cpp >&5
configure:16225: $? = 0
configure:16235: result: yes
configure:16256: checking if g++ static flag -static works
configure:16284: result: yes
configure:16296: checking if g++ supports -c -o file.o
configure:16320: g++ -c -g -O2  -o out/conftest2.o conftest.cpp >&5
configure:16324: $? = 0
configure:16343: result: yes
configure:16348: checking if g++ supports -c -o file.o
configure:16395: result: yes
configure:16425: checking whether the g++ linker (/mingw/bin/ld) supports shared libraries
configure:16451: result: yes
configure:16588: checking dynamic linker characteristics
configure:17219: result: Win32 ld.exe
configure:17270: checking how to hardcode library paths into programs
configure:17295: result: immediate
configure:17416: checking whether byte ordering is bigendian
configure:17441: gcc -c -g -O2  conftest.c >&5
conftest.c:24: error: expected '=', ',', ';', 'asm' or '__attribute__' before 'a'
configure:17448: $? = 1
configure: failed program was:
| /* confdefs.h.  */
| #define PACKAGE_NAME "Open Babel"
| #define PACKAGE_TARNAME "openbabel"
| #define PACKAGE_VERSION "2.2.3"
| #define PACKAGE_STRING "Open Babel 2.2.3"
| #define PACKAGE_BUGREPORT "openbabel-discuss@lists.sourceforge.net"
| #define BABEL_VERSION "2.2.3"
| #define BABEL_DATADIR "/usr/local/share/openbabel"
| #define HAVE_BOOST /**/
| #define STDC_HEADERS 1
| #define HAVE_SYS_TYPES_H 1
| #define HAVE_SYS_STAT_H 1
| #define HAVE_STDLIB_H 1
| #define HAVE_STRING_H 1
| #define HAVE_MEMORY_H 1
| #define HAVE_STRINGS_H 1
| #define HAVE_INTTYPES_H 1
| #define HAVE_STDINT_H 1
| #define HAVE_UNISTD_H 1
| #define LT_OBJDIR ".libs/"
| #define MODULE_EXTENSION ".dll"
| /* end confdefs.h.  */
| #ifndef __APPLE_CC__
| 	       not a universal capable compiler
| 	     #endif
| 	     typedef int dummy;
| 
configure:17496: gcc -c -g -O2  conftest.c >&5
configure:17503: $? = 0
configure:17535: gcc -c -g -O2  conftest.c >&5
conftest.c: In function 'main':
conftest.c:30: error: 'not' undeclared (first use in this function)
conftest.c:30: error: (Each undeclared identifier is reported only once
conftest.c:30: error: for each function it appears in.)
conftest.c:30: error: expected ';' before 'big'
configure:17542: $? = 1
configure: failed program was:
| /* confdefs.h.  */
| #define PACKAGE_NAME "Open Babel"
| #define PACKAGE_TARNAME "openbabel"
| #define PACKAGE_VERSION "2.2.3"
| #define PACKAGE_STRING "Open Babel 2.2.3"
| #define PACKAGE_BUGREPORT "openbabel-discuss@lists.sourceforge.net"
| #define BABEL_VERSION "2.2.3"
| #define BABEL_DATADIR "/usr/local/share/openbabel"
| #define HAVE_BOOST /**/
| #define STDC_HEADERS 1
| #define HAVE_SYS_TYPES_H 1
| #define HAVE_SYS_STAT_H 1
| #define HAVE_STDLIB_H 1
| #define HAVE_STRING_H 1
| #define HAVE_MEMORY_H 1
| #define HAVE_STRINGS_H 1
| #define HAVE_INTTYPES_H 1
| #define HAVE_STDINT_H 1
| #define HAVE_UNISTD_H 1
| #define LT_OBJDIR ".libs/"
| #define MODULE_EXTENSION ".dll"
| /* end confdefs.h.  */
| #include <sys/types.h>
| 		#include <sys/param.h>
| 
| int
| main ()
| {
| #if BYTE_ORDER != BIG_ENDIAN
| 		 not big endian
| 		#endif
| 
|   ;
|   return 0;
| }
configure:17794: result: no
configure:17827: checking for asin in -lm
configure:17862: g++ -o conftest.exe -g -O2   conftest.cpp -lm   >&5
configure:17869: $? = 0
configure:17890: result: yes
configure:17903: checking for dlopen in -lc
configure:17938: g++ -o conftest.exe -g -O2   conftest.cpp -lc  -lm  >&5
C:\mingw\bin/ld.exe: cannot find -lc
collect2: ld returned 1 exit status
configure:17945: $? = 1
configure: failed program was:
| /* confdefs.h.  */
| #define PACKAGE_NAME "Open Babel"
| #define PACKAGE_TARNAME "openbabel"
| #define PACKAGE_VERSION "2.2.3"
| #define PACKAGE_STRING "Open Babel 2.2.3"
| #define PACKAGE_BUGREPORT "openbabel-discuss@lists.sourceforge.net"
| #define BABEL_VERSION "2.2.3"
| #define BABEL_DATADIR "/usr/local/share/openbabel"
| #define HAVE_BOOST /**/
| #define STDC_HEADERS 1
| #define HAVE_SYS_TYPES_H 1
| #define HAVE_SYS_STAT_H 1
| #define HAVE_STDLIB_H 1
| #define HAVE_STRING_H 1
| #define HAVE_MEMORY_H 1
| #define HAVE_STRINGS_H 1
| #define HAVE_INTTYPES_H 1
| #define HAVE_STDINT_H 1
| #define HAVE_UNISTD_H 1
| #define LT_OBJDIR ".libs/"
| #define MODULE_EXTENSION ".dll"
| #define HAVE_LIBM 1
| /* end confdefs.h.  */
| 
| /* Override any GCC internal prototype to avoid an error.
|    Use char because int might match the return type of a GCC
|    builtin and then its argument prototype would still apply.  */
| #ifdef __cplusplus
| extern "C"
| #endif
| char dlopen ();
| int
| main ()
| {
| return dlopen ();
|   ;
|   return 0;
| }
configure:17966: result: no
configure:17971: checking for dlopen in -ldl
configure:18006: g++ -o conftest.exe -g -O2   conftest.cpp -ldl  -lm  >&5
C:\mingw\bin/ld.exe: cannot find -ldl
collect2: ld returned 1 exit status
configure:18013: $? = 1
configure: failed program was:
| /* confdefs.h.  */
| #define PACKAGE_NAME "Open Babel"
| #define PACKAGE_TARNAME "openbabel"
| #define PACKAGE_VERSION "2.2.3"
| #define PACKAGE_STRING "Open Babel 2.2.3"
| #define PACKAGE_BUGREPORT "openbabel-discuss@lists.sourceforge.net"
| #define BABEL_VERSION "2.2.3"
| #define BABEL_DATADIR "/usr/local/share/openbabel"
| #define HAVE_BOOST /**/
| #define STDC_HEADERS 1
| #define HAVE_SYS_TYPES_H 1
| #define HAVE_SYS_STAT_H 1
| #define HAVE_STDLIB_H 1
| #define HAVE_STRING_H 1
| #define HAVE_MEMORY_H 1
| #define HAVE_STRINGS_H 1
| #define HAVE_INTTYPES_H 1
| #define HAVE_STDINT_H 1
| #define HAVE_UNISTD_H 1
| #define LT_OBJDIR ".libs/"
| #define MODULE_EXTENSION ".dll"
| #define HAVE_LIBM 1
| /* end confdefs.h.  */
| 
| /* Override any GCC internal prototype to avoid an error.
|    Use char because int might match the return type of a GCC
|    builtin and then its argument prototype would still apply.  */
| #ifdef __cplusplus
| extern "C"
| #endif
| char dlopen ();
| int
| main ()
| {
| return dlopen ();
|   ;
|   return 0;
| }
configure:18034: result: no
configure:18084: checking for xml2-config
configure:18115: result: no
configure:18124: checking for libxml - version >= 2.6.5
configure:18276: result: no
configure:18373: checking for GetINCHI in -linchi
configure:18408: g++ -o conftest.exe -g -O2   conftest.cpp -linchi  -lm  >&5
C:\mingw\bin/ld.exe: cannot find -linchi
collect2: ld returned 1 exit status
configure:18415: $? = 1
configure: failed program was:
| /* confdefs.h.  */
| #define PACKAGE_NAME "Open Babel"
| #define PACKAGE_TARNAME "openbabel"
| #define PACKAGE_VERSION "2.2.3"
| #define PACKAGE_STRING "Open Babel 2.2.3"
| #define PACKAGE_BUGREPORT "openbabel-discuss@lists.sourceforge.net"
| #define BABEL_VERSION "2.2.3"
| #define BABEL_DATADIR "/usr/local/share/openbabel"
| #define HAVE_BOOST /**/
| #define STDC_HEADERS 1
| #define HAVE_SYS_TYPES_H 1
| #define HAVE_SYS_STAT_H 1
| #define HAVE_STDLIB_H 1
| #define HAVE_STRING_H 1
| #define HAVE_MEMORY_H 1
| #define HAVE_STRINGS_H 1
| #define HAVE_INTTYPES_H 1
| #define HAVE_STDINT_H 1
| #define HAVE_UNISTD_H 1
| #define LT_OBJDIR ".libs/"
| #define MODULE_EXTENSION ".dll"
| #define HAVE_LIBM 1
| /* end confdefs.h.  */
| 
| /* Override any GCC internal prototype to avoid an error.
|    Use char because int might match the return type of a GCC
|    builtin and then its argument prototype would still apply.  */
| #ifdef __cplusplus
| extern "C"
| #endif
| char GetINCHI ();
| int
| main ()
| {
| return GetINCHI ();
|   ;
|   return 0;
| }
configure:18436: result: no
configure:18453: checking for inflateEnd in -lz
configure:18488: g++ -o conftest.exe -g -O2   conftest.cpp -lz  -lm  >&5
configure:18495: $? = 0
configure:18516: result: yes
configure:18535: checking zlib.h usability
configure:18552: g++ -c -g -O2  conftest.cpp >&5
configure:18559: $? = 0
configure:18573: result: yes
configure:18577: checking zlib.h presence
configure:18592: g++ -E  conftest.cpp
configure:18599: $? = 0
configure:18613: result: yes
configure:18646: checking for zlib.h
configure:18653: result: yes
configure:18674: checking for inflateEnd in -lz
configure:18737: result: yes
configure:18770: checking sys/time.h usability
configure:18787: g++ -c -g -O2  conftest.cpp >&5
configure:18794: $? = 0
configure:18808: result: yes
configure:18812: checking sys/time.h presence
configure:18827: g++ -E  conftest.cpp
configure:18834: $? = 0
configure:18848: result: yes
configure:18881: checking for sys/time.h
configure:18890: result: yes
configure:18759: checking for unistd.h
configure:18766: result: yes
configure:18759: checking for stdlib.h
configure:18766: result: yes
configure:18770: checking stdio.h usability
configure:18787: g++ -c -g -O2  conftest.cpp >&5
configure:18794: $? = 0
configure:18808: result: yes
configure:18812: checking stdio.h presence
configure:18827: g++ -E  conftest.cpp
configure:18834: $? = 0
configure:18848: result: yes
configure:18881: checking for stdio.h
configure:18890: result: yes
configure:18770: checking conio.h usability
configure:18787: g++ -c -g -O2  conftest.cpp >&5
configure:18794: $? = 0
configure:18808: result: yes
configure:18812: checking conio.h presence
configure:18827: g++ -E  conftest.cpp
configure:18834: $? = 0
configure:18848: result: yes
configure:18881: checking for conio.h
configure:18890: result: yes
configure:18759: checking for string.h
configure:18766: result: yes
configure:18925: checking strstream.h usability
configure:18942: g++ -c -g -O2  conftest.cpp >&5
conftest.cpp:64:23: error: strstream.h: No such file or directory
configure:18949: $? = 1
configure: failed program was:
| /* confdefs.h.  */
| #define PACKAGE_NAME "Open Babel"
| #define PACKAGE_TARNAME "openbabel"
| #define PACKAGE_VERSION "2.2.3"
| #define PACKAGE_STRING "Open Babel 2.2.3"
| #define PACKAGE_BUGREPORT "openbabel-discuss@lists.sourceforge.net"
| #define BABEL_VERSION "2.2.3"
| #define BABEL_DATADIR "/usr/local/share/openbabel"
| #define HAVE_BOOST /**/
| #define STDC_HEADERS 1
| #define HAVE_SYS_TYPES_H 1
| #define HAVE_SYS_STAT_H 1
| #define HAVE_STDLIB_H 1
| #define HAVE_STRING_H 1
| #define HAVE_MEMORY_H 1
| #define HAVE_STRINGS_H 1
| #define HAVE_INTTYPES_H 1
| #define HAVE_STDINT_H 1
| #define HAVE_UNISTD_H 1
| #define LT_OBJDIR ".libs/"
| #define MODULE_EXTENSION ".dll"
| #define HAVE_LIBM 1
| #define HAVE_LIBZ 1
| #define HAVE_SYS_TIME_H 1
| #define HAVE_UNISTD_H 1
| #define HAVE_STDLIB_H 1
| #define HAVE_STDIO_H 1
| #define HAVE_CONIO_H 1
| #define HAVE_STRING_H 1
| /* end confdefs.h.  */
| #include <stdio.h>
| #ifdef HAVE_SYS_TYPES_H
| # include <sys/types.h>
| #endif
| #ifdef HAVE_SYS_STAT_H
| # include <sys/stat.h>
| #endif
| #ifdef STDC_HEADERS
| # include <stdlib.h>
| # include <stddef.h>
| #else
| # ifdef HAVE_STDLIB_H
| #  include <stdlib.h>
| # endif
| #endif
| #ifdef HAVE_STRING_H
| # if !defined STDC_HEADERS && defined HAVE_MEMORY_H
| #  include <memory.h>
| # endif
| # include <string.h>
| #endif
| #ifdef HAVE_STRINGS_H
| # include <strings.h>
| #endif
| #ifdef HAVE_INTTYPES_H
| # include <inttypes.h>
| #endif
| #ifdef HAVE_STDINT_H
| # include <stdint.h>
| #endif
| #ifdef HAVE_UNISTD_H
| # include <unistd.h>
| #endif
| #include <strstream.h>
configure:18963: result: no
configure:18967: checking strstream.h presence
configure:18982: g++ -E  conftest.cpp
conftest.cpp:31:23: error: strstream.h: No such file or directory
configure:18989: $? = 1
configure: failed program was:
| /* confdefs.h.  */
| #define PACKAGE_NAME "Open Babel"
| #define PACKAGE_TARNAME "openbabel"
| #define PACKAGE_VERSION "2.2.3"
| #define PACKAGE_STRING "Open Babel 2.2.3"
| #define PACKAGE_BUGREPORT "openbabel-discuss@lists.sourceforge.net"
| #define BABEL_VERSION "2.2.3"
| #define BABEL_DATADIR "/usr/local/share/openbabel"
| #define HAVE_BOOST /**/
| #define STDC_HEADERS 1
| #define HAVE_SYS_TYPES_H 1
| #define HAVE_SYS_STAT_H 1
| #define HAVE_STDLIB_H 1
| #define HAVE_STRING_H 1
| #define HAVE_MEMORY_H 1
| #define HAVE_STRINGS_H 1
| #define HAVE_INTTYPES_H 1
| #define HAVE_STDINT_H 1
| #define HAVE_UNISTD_H 1
| #define LT_OBJDIR ".libs/"
| #define MODULE_EXTENSION ".dll"
| #define HAVE_LIBM 1
| #define HAVE_LIBZ 1
| #define HAVE_SYS_TIME_H 1
| #define HAVE_UNISTD_H 1
| #define HAVE_STDLIB_H 1
| #define HAVE_STDIO_H 1
| #define HAVE_CONIO_H 1
| #define HAVE_STRING_H 1
| /* end confdefs.h.  */
| #include <strstream.h>
configure:19003: result: no
configure:19036: checking for strstream.h
configure:19045: result: no
configure:18925: checking iostream.h usability
configure:18942: g++ -c -g -O2  conftest.cpp >&5
conftest.cpp:64:22: error: iostream.h: No such file or directory
configure:18949: $? = 1
configure: failed program was:
| /* confdefs.h.  */
| #define PACKAGE_NAME "Open Babel"
| #define PACKAGE_TARNAME "openbabel"
| #define PACKAGE_VERSION "2.2.3"
| #define PACKAGE_STRING "Open Babel 2.2.3"
| #define PACKAGE_BUGREPORT "openbabel-discuss@lists.sourceforge.net"
| #define BABEL_VERSION "2.2.3"
| #define BABEL_DATADIR "/usr/local/share/openbabel"
| #define HAVE_BOOST /**/
| #define STDC_HEADERS 1
| #define HAVE_SYS_TYPES_H 1
| #define HAVE_SYS_STAT_H 1
| #define HAVE_STDLIB_H 1
| #define HAVE_STRING_H 1
| #define HAVE_MEMORY_H 1
| #define HAVE_STRINGS_H 1
| #define HAVE_INTTYPES_H 1
| #define HAVE_STDINT_H 1
| #define HAVE_UNISTD_H 1
| #define LT_OBJDIR ".libs/"
| #define MODULE_EXTENSION ".dll"
| #define HAVE_LIBM 1
| #define HAVE_LIBZ 1
| #define HAVE_SYS_TIME_H 1
| #define HAVE_UNISTD_H 1
| #define HAVE_STDLIB_H 1
| #define HAVE_STDIO_H 1
| #define HAVE_CONIO_H 1
| #define HAVE_STRING_H 1
| /* end confdefs.h.  */
| #include <stdio.h>
| #ifdef HAVE_SYS_TYPES_H
| # include <sys/types.h>
| #endif
| #ifdef HAVE_SYS_STAT_H
| # include <sys/stat.h>
| #endif
| #ifdef STDC_HEADERS
| # include <stdlib.h>
| # include <stddef.h>
| #else
| # ifdef HAVE_STDLIB_H
| #  include <stdlib.h>
| # endif
| #endif
| #ifdef HAVE_STRING_H
| # if !defined STDC_HEADERS && defined HAVE_MEMORY_H
| #  include <memory.h>
| # endif
| # include <string.h>
| #endif
| #ifdef HAVE_STRINGS_H
| # include <strings.h>
| #endif
| #ifdef HAVE_INTTYPES_H
| # include <inttypes.h>
| #endif
| #ifdef HAVE_STDINT_H
| # include <stdint.h>
| #endif
| #ifdef HAVE_UNISTD_H
| # include <unistd.h>
| #endif
| #include <iostream.h>
configure:18963: result: no
configure:18967: checking iostream.h presence
configure:18982: g++ -E  conftest.cpp
conftest.cpp:31:22: error: iostream.h: No such file or directory
configure:18989: $? = 1
configure: failed program was:
| /* confdefs.h.  */
| #define PACKAGE_NAME "Open Babel"
| #define PACKAGE_TARNAME "openbabel"
| #define PACKAGE_VERSION "2.2.3"
| #define PACKAGE_STRING "Open Babel 2.2.3"
| #define PACKAGE_BUGREPORT "openbabel-discuss@lists.sourceforge.net"
| #define BABEL_VERSION "2.2.3"
| #define BABEL_DATADIR "/usr/local/share/openbabel"
| #define HAVE_BOOST /**/
| #define STDC_HEADERS 1
| #define HAVE_SYS_TYPES_H 1
| #define HAVE_SYS_STAT_H 1
| #define HAVE_STDLIB_H 1
| #define HAVE_STRING_H 1
| #define HAVE_MEMORY_H 1
| #define HAVE_STRINGS_H 1
| #define HAVE_INTTYPES_H 1
| #define HAVE_STDINT_H 1
| #define HAVE_UNISTD_H 1
| #define LT_OBJDIR ".libs/"
| #define MODULE_EXTENSION ".dll"
| #define HAVE_LIBM 1
| #define HAVE_LIBZ 1
| #define HAVE_SYS_TIME_H 1
| #define HAVE_UNISTD_H 1
| #define HAVE_STDLIB_H 1
| #define HAVE_STDIO_H 1
| #define HAVE_CONIO_H 1
| #define HAVE_STRING_H 1
| /* end confdefs.h.  */
| #include <iostream.h>
configure:19003: result: no
configure:19036: checking for iostream.h
configure:19045: result: no
configure:18925: checking fstream.h usability
configure:18942: g++ -c -g -O2  conftest.cpp >&5
conftest.cpp:64:21: error: fstream.h: No such file or directory
configure:18949: $? = 1
configure: failed program was:
| /* confdefs.h.  */
| #define PACKAGE_NAME "Open Babel"
| #define PACKAGE_TARNAME "openbabel"
| #define PACKAGE_VERSION "2.2.3"
| #define PACKAGE_STRING "Open Babel 2.2.3"
| #define PACKAGE_BUGREPORT "openbabel-discuss@lists.sourceforge.net"
| #define BABEL_VERSION "2.2.3"
| #define BABEL_DATADIR "/usr/local/share/openbabel"
| #define HAVE_BOOST /**/
| #define STDC_HEADERS 1
| #define HAVE_SYS_TYPES_H 1
| #define HAVE_SYS_STAT_H 1
| #define HAVE_STDLIB_H 1
| #define HAVE_STRING_H 1
| #define HAVE_MEMORY_H 1
| #define HAVE_STRINGS_H 1
| #define HAVE_INTTYPES_H 1
| #define HAVE_STDINT_H 1
| #define HAVE_UNISTD_H 1
| #define LT_OBJDIR ".libs/"
| #define MODULE_EXTENSION ".dll"
| #define HAVE_LIBM 1
| #define HAVE_LIBZ 1
| #define HAVE_SYS_TIME_H 1
| #define HAVE_UNISTD_H 1
| #define HAVE_STDLIB_H 1
| #define HAVE_STDIO_H 1
| #define HAVE_CONIO_H 1
| #define HAVE_STRING_H 1
| /* end confdefs.h.  */
| #include <stdio.h>
| #ifdef HAVE_SYS_TYPES_H
| # include <sys/types.h>
| #endif
| #ifdef HAVE_SYS_STAT_H
| # include <sys/stat.h>
| #endif
| #ifdef STDC_HEADERS
| # include <stdlib.h>
| # include <stddef.h>
| #else
| # ifdef HAVE_STDLIB_H
| #  include <stdlib.h>
| # endif
| #endif
| #ifdef HAVE_STRING_H
| # if !defined STDC_HEADERS && defined HAVE_MEMORY_H
| #  include <memory.h>
| # endif
| # include <string.h>
| #endif
| #ifdef HAVE_STRINGS_H
| # include <strings.h>
| #endif
| #ifdef HAVE_INTTYPES_H
| # include <inttypes.h>
| #endif
| #ifdef HAVE_STDINT_H
| # include <stdint.h>
| #endif
| #ifdef HAVE_UNISTD_H
| # include <unistd.h>
| #endif
| #include <fstream.h>
configure:18963: result: no
configure:18967: checking fstream.h presence
configure:18982: g++ -E  conftest.cpp
conftest.cpp:31:21: error: fstream.h: No such file or directory
configure:18989: $? = 1
configure: failed program was:
| /* confdefs.h.  */
| #define PACKAGE_NAME "Open Babel"
| #define PACKAGE_TARNAME "openbabel"
| #define PACKAGE_VERSION "2.2.3"
| #define PACKAGE_STRING "Open Babel 2.2.3"
| #define PACKAGE_BUGREPORT "openbabel-discuss@lists.sourceforge.net"
| #define BABEL_VERSION "2.2.3"
| #define BABEL_DATADIR "/usr/local/share/openbabel"
| #define HAVE_BOOST /**/
| #define STDC_HEADERS 1
| #define HAVE_SYS_TYPES_H 1
| #define HAVE_SYS_STAT_H 1
| #define HAVE_STDLIB_H 1
| #define HAVE_STRING_H 1
| #define HAVE_MEMORY_H 1
| #define HAVE_STRINGS_H 1
| #define HAVE_INTTYPES_H 1
| #define HAVE_STDINT_H 1
| #define HAVE_UNISTD_H 1
| #define LT_OBJDIR ".libs/"
| #define MODULE_EXTENSION ".dll"
| #define HAVE_LIBM 1
| #define HAVE_LIBZ 1
| #define HAVE_SYS_TIME_H 1
| #define HAVE_UNISTD_H 1
| #define HAVE_STDLIB_H 1
| #define HAVE_STDIO_H 1
| #define HAVE_CONIO_H 1
| #define HAVE_STRING_H 1
| /* end confdefs.h.  */
| #include <fstream.h>
configure:19003: result: no
configure:19036: checking for fstream.h
configure:19045: result: no
configure:18925: checking math.h usability
configure:18942: g++ -c -g -O2  conftest.cpp >&5
configure:18949: $? = 0
configure:18963: result: yes
configure:18967: checking math.h presence
configure:18982: g++ -E  conftest.cpp
configure:18989: $? = 0
configure:19003: result: yes
configure:19036: checking for math.h
configure:19045: result: yes
configure:18925: checking time.h usability
configure:18942: g++ -c -g -O2  conftest.cpp >&5
configure:18949: $? = 0
configure:18963: result: yes
configure:18967: checking time.h presence
configure:18982: g++ -E  conftest.cpp
configure:18989: $? = 0
configure:19003: result: yes
configure:19036: checking for time.h
configure:19045: result: yes
configure:19080: checking ctype.h usability
configure:19097: g++ -c -g -O2  conftest.cpp >&5
configure:19104: $? = 0
configure:19118: result: yes
configure:19122: checking ctype.h presence
configure:19137: g++ -E  conftest.cpp
configure:19144: $? = 0
configure:19158: result: yes
configure:19191: checking for ctype.h
configure:19200: result: yes
configure:19080: checking iostream usability
configure:19097: g++ -c -g -O2  conftest.cpp >&5
configure:19104: $? = 0
configure:19118: result: yes
configure:19122: checking iostream presence
configure:19137: g++ -E  conftest.cpp
configure:19144: $? = 0
configure:19158: result: yes
configure:19191: checking for iostream
configure:19200: result: yes
configure:19080: checking fstream usability
configure:19097: g++ -c -g -O2  conftest.cpp >&5
configure:19104: $? = 0
configure:19118: result: yes
configure:19122: checking fstream presence
configure:19137: g++ -E  conftest.cpp
configure:19144: $? = 0
configure:19158: result: yes
configure:19191: checking for fstream
configure:19200: result: yes
configure:19080: checking sstream usability
configure:19097: g++ -c -g -O2  conftest.cpp >&5
configure:19104: $? = 0
configure:19118: result: yes
configure:19122: checking sstream presence
configure:19137: g++ -E  conftest.cpp
configure:19144: $? = 0
configure:19158: result: yes
configure:19191: checking for sstream
configure:19200: result: yes
configure:19080: checking strstream usability
configure:19097: g++ -c -g -O2  conftest.cpp >&5
In file included from c:\mingw\bin\../lib/gcc/i686-pc-mingw32/4.3.3-dw2-tdm-1/../../../../include/c++/4.3.3-dw2-tdm-1/backward/strstream:51,
                 from conftest.cpp:70:
c:\mingw\bin\../lib/gcc/i686-pc-mingw32/4.3.3-dw2-tdm-1/../../../../include/c++/4.3.3-dw2-tdm-1/backward/backward_warning.h:33:2: warning: #warning This file includes at least one deprecated or antiquated header which may be removed without further notice at a future date. Please use a non-deprecated interface with equivalent functionality instead. For a listing of replacement headers and interfaces, consult the file backward_warning.h. To disable this warning use -Wno-deprecated.
configure:19104: $? = 0
configure:19118: result: yes
configure:19122: checking strstream presence
configure:19137: g++ -E  conftest.cpp
In file included from c:\mingw\bin\../lib/gcc/i686-pc-mingw32/4.3.3-dw2-tdm-1/../../../../include/c++/4.3.3-dw2-tdm-1/backward/strstream:51,
                 from conftest.cpp:37:
c:\mingw\bin\../lib/gcc/i686-pc-mingw32/4.3.3-dw2-tdm-1/../../../../include/c++/4.3.3-dw2-tdm-1/backward/backward_warning.h:33:2: warning: #warning This file includes at least one deprecated or antiquated header which may be removed without further notice at a future date. Please use a non-deprecated interface with equivalent functionality instead. For a listing of replacement headers and interfaces, consult the file backward_warning.h. To disable this warning use -Wno-deprecated.
configure:19144: $? = 0
configure:19158: result: yes
configure:19191: checking for strstream
configure:19200: result: yes
configure:19232: checking regex.h usability
configure:19249: g++ -c -g -O2  conftest.cpp >&5
conftest.cpp:71:19: error: regex.h: No such file or directory
configure:19256: $? = 1
configure: failed program was:
| /* confdefs.h.  */
| #define PACKAGE_NAME "Open Babel"
| #define PACKAGE_TARNAME "openbabel"
| #define PACKAGE_VERSION "2.2.3"
| #define PACKAGE_STRING "Open Babel 2.2.3"
| #define PACKAGE_BUGREPORT "openbabel-discuss@lists.sourceforge.net"
| #define BABEL_VERSION "2.2.3"
| #define BABEL_DATADIR "/usr/local/share/openbabel"
| #define HAVE_BOOST /**/
| #define STDC_HEADERS 1
| #define HAVE_SYS_TYPES_H 1
| #define HAVE_SYS_STAT_H 1
| #define HAVE_STDLIB_H 1
| #define HAVE_STRING_H 1
| #define HAVE_MEMORY_H 1
| #define HAVE_STRINGS_H 1
| #define HAVE_INTTYPES_H 1
| #define HAVE_STDINT_H 1
| #define HAVE_UNISTD_H 1
| #define LT_OBJDIR ".libs/"
| #define MODULE_EXTENSION ".dll"
| #define HAVE_LIBM 1
| #define HAVE_LIBZ 1
| #define HAVE_SYS_TIME_H 1
| #define HAVE_UNISTD_H 1
| #define HAVE_STDLIB_H 1
| #define HAVE_STDIO_H 1
| #define HAVE_CONIO_H 1
| #define HAVE_STRING_H 1
| #define HAVE_MATH_H 1
| #define HAVE_TIME_H 1
| #define HAVE_CTYPE_H 1
| #define HAVE_IOSTREAM 1
| #define HAVE_FSTREAM 1
| #define HAVE_SSTREAM 1
| #define HAVE_STRSTREAM 1
| /* end confdefs.h.  */
| #include <stdio.h>
| #ifdef HAVE_SYS_TYPES_H
| # include <sys/types.h>
| #endif
| #ifdef HAVE_SYS_STAT_H
| # include <sys/stat.h>
| #endif
| #ifdef STDC_HEADERS
| # include <stdlib.h>
| # include <stddef.h>
| #else
| # ifdef HAVE_STDLIB_H
| #  include <stdlib.h>
| # endif
| #endif
| #ifdef HAVE_STRING_H
| # if !defined STDC_HEADERS && defined HAVE_MEMORY_H
| #  include <memory.h>
| # endif
| # include <string.h>
| #endif
| #ifdef HAVE_STRINGS_H
| # include <strings.h>
| #endif
| #ifdef HAVE_INTTYPES_H
| # include <inttypes.h>
| #endif
| #ifdef HAVE_STDINT_H
| # include <stdint.h>
| #endif
| #ifdef HAVE_UNISTD_H
| # include <unistd.h>
| #endif
| #include <regex.h>
configure:19270: result: no
configure:19274: checking regex.h presence
configure:19289: g++ -E  conftest.cpp
conftest.cpp:38:19: error: regex.h: No such file or directory
configure:19296: $? = 1
configure: failed program was:
| /* confdefs.h.  */
| #define PACKAGE_NAME "Open Babel"
| #define PACKAGE_TARNAME "openbabel"
| #define PACKAGE_VERSION "2.2.3"
| #define PACKAGE_STRING "Open Babel 2.2.3"
| #define PACKAGE_BUGREPORT "openbabel-discuss@lists.sourceforge.net"
| #define BABEL_VERSION "2.2.3"
| #define BABEL_DATADIR "/usr/local/share/openbabel"
| #define HAVE_BOOST /**/
| #define STDC_HEADERS 1
| #define HAVE_SYS_TYPES_H 1
| #define HAVE_SYS_STAT_H 1
| #define HAVE_STDLIB_H 1
| #define HAVE_STRING_H 1
| #define HAVE_MEMORY_H 1
| #define HAVE_STRINGS_H 1
| #define HAVE_INTTYPES_H 1
| #define HAVE_STDINT_H 1
| #define HAVE_UNISTD_H 1
| #define LT_OBJDIR ".libs/"
| #define MODULE_EXTENSION ".dll"
| #define HAVE_LIBM 1
| #define HAVE_LIBZ 1
| #define HAVE_SYS_TIME_H 1
| #define HAVE_UNISTD_H 1
| #define HAVE_STDLIB_H 1
| #define HAVE_STDIO_H 1
| #define HAVE_CONIO_H 1
| #define HAVE_STRING_H 1
| #define HAVE_MATH_H 1
| #define HAVE_TIME_H 1
| #define HAVE_CTYPE_H 1
| #define HAVE_IOSTREAM 1
| #define HAVE_FSTREAM 1
| #define HAVE_SSTREAM 1
| #define HAVE_STRSTREAM 1
| /* end confdefs.h.  */
| #include <regex.h>
configure:19310: result: no
configure:19343: checking for regex.h
configure:19352: result: no
configure:19232: checking tr1/memory usability
configure:19249: g++ -c -g -O2  conftest.cpp >&5
configure:19256: $? = 0
configure:19270: result: yes
configure:19274: checking tr1/memory presence
configure:19289: g++ -E  conftest.cpp
configure:19296: $? = 0
configure:19310: result: yes
configure:19343: checking for tr1/memory
configure:19352: result: yes
configure:19383: checking rpc/types.h usability
configure:19400: g++ -c -g -O2  conftest.cpp >&5
conftest.cpp:72:23: error: rpc/types.h: No such file or directory
configure:19407: $? = 1
configure: failed program was:
| /* confdefs.h.  */
| #define PACKAGE_NAME "Open Babel"
| #define PACKAGE_TARNAME "openbabel"
| #define PACKAGE_VERSION "2.2.3"
| #define PACKAGE_STRING "Open Babel 2.2.3"
| #define PACKAGE_BUGREPORT "openbabel-discuss@lists.sourceforge.net"
| #define BABEL_VERSION "2.2.3"
| #define BABEL_DATADIR "/usr/local/share/openbabel"
| #define HAVE_BOOST /**/
| #define STDC_HEADERS 1
| #define HAVE_SYS_TYPES_H 1
| #define HAVE_SYS_STAT_H 1
| #define HAVE_STDLIB_H 1
| #define HAVE_STRING_H 1
| #define HAVE_MEMORY_H 1
| #define HAVE_STRINGS_H 1
| #define HAVE_INTTYPES_H 1
| #define HAVE_STDINT_H 1
| #define HAVE_UNISTD_H 1
| #define LT_OBJDIR ".libs/"
| #define MODULE_EXTENSION ".dll"
| #define HAVE_LIBM 1
| #define HAVE_LIBZ 1
| #define HAVE_SYS_TIME_H 1
| #define HAVE_UNISTD_H 1
| #define HAVE_STDLIB_H 1
| #define HAVE_STDIO_H 1
| #define HAVE_CONIO_H 1
| #define HAVE_STRING_H 1
| #define HAVE_MATH_H 1
| #define HAVE_TIME_H 1
| #define HAVE_CTYPE_H 1
| #define HAVE_IOSTREAM 1
| #define HAVE_FSTREAM 1
| #define HAVE_SSTREAM 1
| #define HAVE_STRSTREAM 1
| #define HAVE_TR1_MEMORY 1
| /* end confdefs.h.  */
| #include <stdio.h>
| #ifdef HAVE_SYS_TYPES_H
| # include <sys/types.h>
| #endif
| #ifdef HAVE_SYS_STAT_H
| # include <sys/stat.h>
| #endif
| #ifdef STDC_HEADERS
| # include <stdlib.h>
| # include <stddef.h>
| #else
| # ifdef HAVE_STDLIB_H
| #  include <stdlib.h>
| # endif
| #endif
| #ifdef HAVE_STRING_H
| # if !defined STDC_HEADERS && defined HAVE_MEMORY_H
| #  include <memory.h>
| # endif
| # include <string.h>
| #endif
| #ifdef HAVE_STRINGS_H
| # include <strings.h>
| #endif
| #ifdef HAVE_INTTYPES_H
| # include <inttypes.h>
| #endif
| #ifdef HAVE_STDINT_H
| # include <stdint.h>
| #endif
| #ifdef HAVE_UNISTD_H
| # include <unistd.h>
| #endif
| #include <rpc/types.h>
configure:19421: result: no
configure:19425: checking rpc/types.h presence
configure:19440: g++ -E  conftest.cpp
conftest.cpp:39:23: error: rpc/types.h: No such file or directory
configure:19447: $? = 1
configure: failed program was:
| /* confdefs.h.  */
| #define PACKAGE_NAME "Open Babel"
| #define PACKAGE_TARNAME "openbabel"
| #define PACKAGE_VERSION "2.2.3"
| #define PACKAGE_STRING "Open Babel 2.2.3"
| #define PACKAGE_BUGREPORT "openbabel-discuss@lists.sourceforge.net"
| #define BABEL_VERSION "2.2.3"
| #define BABEL_DATADIR "/usr/local/share/openbabel"
| #define HAVE_BOOST /**/
| #define STDC_HEADERS 1
| #define HAVE_SYS_TYPES_H 1
| #define HAVE_SYS_STAT_H 1
| #define HAVE_STDLIB_H 1
| #define HAVE_STRING_H 1
| #define HAVE_MEMORY_H 1
| #define HAVE_STRINGS_H 1
| #define HAVE_INTTYPES_H 1
| #define HAVE_STDINT_H 1
| #define HAVE_UNISTD_H 1
| #define LT_OBJDIR ".libs/"
| #define MODULE_EXTENSION ".dll"
| #define HAVE_LIBM 1
| #define HAVE_LIBZ 1
| #define HAVE_SYS_TIME_H 1
| #define HAVE_UNISTD_H 1
| #define HAVE_STDLIB_H 1
| #define HAVE_STDIO_H 1
| #define HAVE_CONIO_H 1
| #define HAVE_STRING_H 1
| #define HAVE_MATH_H 1
| #define HAVE_TIME_H 1
| #define HAVE_CTYPE_H 1
| #define HAVE_IOSTREAM 1
| #define HAVE_FSTREAM 1
| #define HAVE_SSTREAM 1
| #define HAVE_STRSTREAM 1
| #define HAVE_TR1_MEMORY 1
| /* end confdefs.h.  */
| #include <rpc/types.h>
configure:19461: result: no
configure:19494: checking for rpc/types.h
configure:19503: result: no
configure:19522: checking for rpc/xdr.h
configure:19546: g++ -c -g -O2  conftest.cpp >&5
conftest.cpp:44:21: error: rpc/xdr.h: No such file or directory
configure:19553: $? = 1
configure: failed program was:
| /* confdefs.h.  */
| #define PACKAGE_NAME "Open Babel"
| #define PACKAGE_TARNAME "openbabel"
| #define PACKAGE_VERSION "2.2.3"
| #define PACKAGE_STRING "Open Babel 2.2.3"
| #define PACKAGE_BUGREPORT "openbabel-discuss@lists.sourceforge.net"
| #define BABEL_VERSION "2.2.3"
| #define BABEL_DATADIR "/usr/local/share/openbabel"
| #define HAVE_BOOST /**/
| #define STDC_HEADERS 1
| #define HAVE_SYS_TYPES_H 1
| #define HAVE_SYS_STAT_H 1
| #define HAVE_STDLIB_H 1
| #define HAVE_STRING_H 1
| #define HAVE_MEMORY_H 1
| #define HAVE_STRINGS_H 1
| #define HAVE_INTTYPES_H 1
| #define HAVE_STDINT_H 1
| #define HAVE_UNISTD_H 1
| #define LT_OBJDIR ".libs/"
| #define MODULE_EXTENSION ".dll"
| #define HAVE_LIBM 1
| #define HAVE_LIBZ 1
| #define HAVE_SYS_TIME_H 1
| #define HAVE_UNISTD_H 1
| #define HAVE_STDLIB_H 1
| #define HAVE_STDIO_H 1
| #define HAVE_CONIO_H 1
| #define HAVE_STRING_H 1
| #define HAVE_MATH_H 1
| #define HAVE_TIME_H 1
| #define HAVE_CTYPE_H 1
| #define HAVE_IOSTREAM 1
| #define HAVE_FSTREAM 1
| #define HAVE_SSTREAM 1
| #define HAVE_STRSTREAM 1
| #define HAVE_TR1_MEMORY 1
| /* end confdefs.h.  */
| #ifdef HAVE_RPC_TYPES_H
| # include <rpc/types.h>
| # endif
| 
| 
| #include <rpc/xdr.h>
configure:19570: result: no
configure:19600: checking xlocale.h usability
configure:19617: g++ -c -g -O2  conftest.cpp >&5
conftest.cpp:72:21: error: xlocale.h: No such file or directory
configure:19624: $? = 1
configure: failed program was:
| /* confdefs.h.  */
| #define PACKAGE_NAME "Open Babel"
| #define PACKAGE_TARNAME "openbabel"
| #define PACKAGE_VERSION "2.2.3"
| #define PACKAGE_STRING "Open Babel 2.2.3"
| #define PACKAGE_BUGREPORT "openbabel-discuss@lists.sourceforge.net"
| #define BABEL_VERSION "2.2.3"
| #define BABEL_DATADIR "/usr/local/share/openbabel"
| #define HAVE_BOOST /**/
| #define STDC_HEADERS 1
| #define HAVE_SYS_TYPES_H 1
| #define HAVE_SYS_STAT_H 1
| #define HAVE_STDLIB_H 1
| #define HAVE_STRING_H 1
| #define HAVE_MEMORY_H 1
| #define HAVE_STRINGS_H 1
| #define HAVE_INTTYPES_H 1
| #define HAVE_STDINT_H 1
| #define HAVE_UNISTD_H 1
| #define LT_OBJDIR ".libs/"
| #define MODULE_EXTENSION ".dll"
| #define HAVE_LIBM 1
| #define HAVE_LIBZ 1
| #define HAVE_SYS_TIME_H 1
| #define HAVE_UNISTD_H 1
| #define HAVE_STDLIB_H 1
| #define HAVE_STDIO_H 1
| #define HAVE_CONIO_H 1
| #define HAVE_STRING_H 1
| #define HAVE_MATH_H 1
| #define HAVE_TIME_H 1
| #define HAVE_CTYPE_H 1
| #define HAVE_IOSTREAM 1
| #define HAVE_FSTREAM 1
| #define HAVE_SSTREAM 1
| #define HAVE_STRSTREAM 1
| #define HAVE_TR1_MEMORY 1
| /* end confdefs.h.  */
| #include <stdio.h>
| #ifdef HAVE_SYS_TYPES_H
| # include <sys/types.h>
| #endif
| #ifdef HAVE_SYS_STAT_H
| # include <sys/stat.h>
| #endif
| #ifdef STDC_HEADERS
| # include <stdlib.h>
| # include <stddef.h>
| #else
| # ifdef HAVE_STDLIB_H
| #  include <stdlib.h>
| # endif
| #endif
| #ifdef HAVE_STRING_H
| # if !defined STDC_HEADERS && defined HAVE_MEMORY_H
| #  include <memory.h>
| # endif
| # include <string.h>
| #endif
| #ifdef HAVE_STRINGS_H
| # include <strings.h>
| #endif
| #ifdef HAVE_INTTYPES_H
| # include <inttypes.h>
| #endif
| #ifdef HAVE_STDINT_H
| # include <stdint.h>
| #endif
| #ifdef HAVE_UNISTD_H
| # include <unistd.h>
| #endif
| #include <xlocale.h>
configure:19638: result: no
configure:19642: checking xlocale.h presence
configure:19657: g++ -E  conftest.cpp
conftest.cpp:39:21: error: xlocale.h: No such file or directory
configure:19664: $? = 1
configure: failed program was:
| /* confdefs.h.  */
| #define PACKAGE_NAME "Open Babel"
| #define PACKAGE_TARNAME "openbabel"
| #define PACKAGE_VERSION "2.2.3"
| #define PACKAGE_STRING "Open Babel 2.2.3"
| #define PACKAGE_BUGREPORT "openbabel-discuss@lists.sourceforge.net"
| #define BABEL_VERSION "2.2.3"
| #define BABEL_DATADIR "/usr/local/share/openbabel"
| #define HAVE_BOOST /**/
| #define STDC_HEADERS 1
| #define HAVE_SYS_TYPES_H 1
| #define HAVE_SYS_STAT_H 1
| #define HAVE_STDLIB_H 1
| #define HAVE_STRING_H 1
| #define HAVE_MEMORY_H 1
| #define HAVE_STRINGS_H 1
| #define HAVE_INTTYPES_H 1
| #define HAVE_STDINT_H 1
| #define HAVE_UNISTD_H 1
| #define LT_OBJDIR ".libs/"
| #define MODULE_EXTENSION ".dll"
| #define HAVE_LIBM 1
| #define HAVE_LIBZ 1
| #define HAVE_SYS_TIME_H 1
| #define HAVE_UNISTD_H 1
| #define HAVE_STDLIB_H 1
| #define HAVE_STDIO_H 1
| #define HAVE_CONIO_H 1
| #define HAVE_STRING_H 1
| #define HAVE_MATH_H 1
| #define HAVE_TIME_H 1
| #define HAVE_CTYPE_H 1
| #define HAVE_IOSTREAM 1
| #define HAVE_FSTREAM 1
| #define HAVE_SSTREAM 1
| #define HAVE_STRSTREAM 1
| #define HAVE_TR1_MEMORY 1
| /* end confdefs.h.  */
| #include <xlocale.h>
configure:19678: result: no
configure:19711: checking for xlocale.h
configure:19720: result: no
configure:19600: checking locale.h usability
configure:19617: g++ -c -g -O2  conftest.cpp >&5
configure:19624: $? = 0
configure:19638: result: yes
configure:19642: checking locale.h presence
configure:19657: g++ -E  conftest.cpp
configure:19664: $? = 0
configure:19678: result: yes
configure:19711: checking for locale.h
configure:19720: result: yes
configure:19735: checking whether time.h and sys/time.h may both be included
configure:19765: g++ -c -g -O2  conftest.cpp >&5
configure:19772: $? = 0
configure:19787: result: yes
configure:19832: checking for clock_t
configure:19860: g++ -c -g -O2  conftest.cpp >&5
conftest.cpp: In function 'int main()':
conftest.cpp:77: error: 'clock_t' was not declared in this scope
configure:19867: $? = 1
configure: failed program was:
| /* confdefs.h.  */
| #define PACKAGE_NAME "Open Babel"
| #define PACKAGE_TARNAME "openbabel"
| #define PACKAGE_VERSION "2.2.3"
| #define PACKAGE_STRING "Open Babel 2.2.3"
| #define PACKAGE_BUGREPORT "openbabel-discuss@lists.sourceforge.net"
| #define BABEL_VERSION "2.2.3"
| #define BABEL_DATADIR "/usr/local/share/openbabel"
| #define HAVE_BOOST /**/
| #define STDC_HEADERS 1
| #define HAVE_SYS_TYPES_H 1
| #define HAVE_SYS_STAT_H 1
| #define HAVE_STDLIB_H 1
| #define HAVE_STRING_H 1
| #define HAVE_MEMORY_H 1
| #define HAVE_STRINGS_H 1
| #define HAVE_INTTYPES_H 1
| #define HAVE_STDINT_H 1
| #define HAVE_UNISTD_H 1
| #define LT_OBJDIR ".libs/"
| #define MODULE_EXTENSION ".dll"
| #define HAVE_LIBM 1
| #define HAVE_LIBZ 1
| #define HAVE_SYS_TIME_H 1
| #define HAVE_UNISTD_H 1
| #define HAVE_STDLIB_H 1
| #define HAVE_STDIO_H 1
| #define HAVE_CONIO_H 1
| #define HAVE_STRING_H 1
| #define HAVE_MATH_H 1
| #define HAVE_TIME_H 1
| #define HAVE_CTYPE_H 1
| #define HAVE_IOSTREAM 1
| #define HAVE_FSTREAM 1
| #define HAVE_SSTREAM 1
| #define HAVE_STRSTREAM 1
| #define HAVE_TR1_MEMORY 1
| #define HAVE_LOCALE_H 1
| #define TIME_WITH_SYS_TIME 1
| /* end confdefs.h.  */
| #include <stdio.h>
| #ifdef HAVE_SYS_TYPES_H
| # include <sys/types.h>
| #endif
| #ifdef HAVE_SYS_STAT_H
| # include <sys/stat.h>
| #endif
| #ifdef STDC_HEADERS
| # include <stdlib.h>
| # include <stddef.h>
| #else
| # ifdef HAVE_STDLIB_H
| #  include <stdlib.h>
| # endif
| #endif
| #ifdef HAVE_STRING_H
| # if !defined STDC_HEADERS && defined HAVE_MEMORY_H
| #  include <memory.h>
| # endif
| # include <string.h>
| #endif
| #ifdef HAVE_STRINGS_H
| # include <strings.h>
| #endif
| #ifdef HAVE_INTTYPES_H
| # include <inttypes.h>
| #endif
| #ifdef HAVE_STDINT_H
| # include <stdint.h>
| #endif
| #ifdef HAVE_UNISTD_H
| # include <unistd.h>
| #endif
| int
| main ()
| {
| if (sizeof (clock_t))
|        return 0;
|   ;
|   return 0;
| }
configure:19924: result: no
configure:19935: checking for an ANSI C-conforming const
configure:20010: g++ -c -g -O2  conftest.cpp >&5
configure:20017: $? = 0
configure:20032: result: yes
configure:20042: checking for inline
configure:20068: g++ -c -g -O2  conftest.cpp >&5
configure:20075: $? = 0
configure:20093: result: inline
configure:20119: checking for rint
configure:20175: g++ -o conftest.exe -g -O2   conftest.cpp -lz -lm  >&5
configure:20182: $? = 0
configure:20204: result: yes
configure:20119: checking for sranddev
configure:20175: g++ -o conftest.exe -g -O2   conftest.cpp -lz -lm  >&5
C:/DOCUME~1/imseg/Temp/ccRr92F9.o: In function `main':
c:\Program Files\PostgreSQL\postgresql-8.3.5\contrib\pgchem_tigress\src\openbabel-2.2.3/conftest.cpp:76: undefined reference to `sranddev'
collect2: ld returned 1 exit status
configure:20182: $? = 1
configure: failed program was:
| /* confdefs.h.  */
| #define PACKAGE_NAME "Open Babel"
| #define PACKAGE_TARNAME "openbabel"
| #define PACKAGE_VERSION "2.2.3"
| #define PACKAGE_STRING "Open Babel 2.2.3"
| #define PACKAGE_BUGREPORT "openbabel-discuss@lists.sourceforge.net"
| #define BABEL_VERSION "2.2.3"
| #define BABEL_DATADIR "/usr/local/share/openbabel"
| #define HAVE_BOOST /**/
| #define STDC_HEADERS 1
| #define HAVE_SYS_TYPES_H 1
| #define HAVE_SYS_STAT_H 1
| #define HAVE_STDLIB_H 1
| #define HAVE_STRING_H 1
| #define HAVE_MEMORY_H 1
| #define HAVE_STRINGS_H 1
| #define HAVE_INTTYPES_H 1
| #define HAVE_STDINT_H 1
| #define HAVE_UNISTD_H 1
| #define LT_OBJDIR ".libs/"
| #define MODULE_EXTENSION ".dll"
| #define HAVE_LIBM 1
| #define HAVE_LIBZ 1
| #define HAVE_SYS_TIME_H 1
| #define HAVE_UNISTD_H 1
| #define HAVE_STDLIB_H 1
| #define HAVE_STDIO_H 1
| #define HAVE_CONIO_H 1
| #define HAVE_STRING_H 1
| #define HAVE_MATH_H 1
| #define HAVE_TIME_H 1
| #define HAVE_CTYPE_H 1
| #define HAVE_IOSTREAM 1
| #define HAVE_FSTREAM 1
| #define HAVE_SSTREAM 1
| #define HAVE_STRSTREAM 1
| #define HAVE_TR1_MEMORY 1
| #define HAVE_LOCALE_H 1
| #define TIME_WITH_SYS_TIME 1
| #define HAVE_RINT 1
| /* end confdefs.h.  */
| /* Define sranddev to an innocuous variant, in case <limits.h> declares sranddev.
|    For example, HP-UX 11i <limits.h> declares gettimeofday.  */
| #define sranddev innocuous_sranddev
| 
| /* System header to define __stub macros and hopefully few prototypes,
|     which can conflict with char sranddev (); below.
|     Prefer <limits.h> to <assert.h> if __STDC__ is defined, since
|     <limits.h> exists even on freestanding compilers.  */
| 
| #ifdef __STDC__
| # include <limits.h>
| #else
| # include <assert.h>
| #endif
| 
| #undef sranddev
| 
| /* Override any GCC internal prototype to avoid an error.
|    Use char because int might match the return type of a GCC
|    builtin and then its argument prototype would still apply.  */
| #ifdef __cplusplus
| extern "C"
| #endif
| char sranddev ();
| /* The GNU C library defines this for functions which it implements
|     to always fail with ENOSYS.  Some functions are actually named
|     something starting with __ and the normal name is an alias.  */
| #if defined __stub_sranddev || defined __stub___sranddev
| choke me
| #endif
| 
| int
| main ()
| {
| return sranddev ();
|   ;
|   return 0;
| }
configure:20204: result: no
configure:20119: checking for uselocale
configure:20175: g++ -o conftest.exe -g -O2   conftest.cpp -lz -lm  >&5
C:/DOCUME~1/imseg/Temp/ccwgjsho.o: In function `main':
c:\Program Files\PostgreSQL\postgresql-8.3.5\contrib\pgchem_tigress\src\openbabel-2.2.3/conftest.cpp:76: undefined reference to `uselocale'
collect2: ld returned 1 exit status
configure:20182: $? = 1
configure: failed program was:
| /* confdefs.h.  */
| #define PACKAGE_NAME "Open Babel"
| #define PACKAGE_TARNAME "openbabel"
| #define PACKAGE_VERSION "2.2.3"
| #define PACKAGE_STRING "Open Babel 2.2.3"
| #define PACKAGE_BUGREPORT "openbabel-discuss@lists.sourceforge.net"
| #define BABEL_VERSION "2.2.3"
| #define BABEL_DATADIR "/usr/local/share/openbabel"
| #define HAVE_BOOST /**/
| #define STDC_HEADERS 1
| #define HAVE_SYS_TYPES_H 1
| #define HAVE_SYS_STAT_H 1
| #define HAVE_STDLIB_H 1
| #define HAVE_STRING_H 1
| #define HAVE_MEMORY_H 1
| #define HAVE_STRINGS_H 1
| #define HAVE_INTTYPES_H 1
| #define HAVE_STDINT_H 1
| #define HAVE_UNISTD_H 1
| #define LT_OBJDIR ".libs/"
| #define MODULE_EXTENSION ".dll"
| #define HAVE_LIBM 1
| #define HAVE_LIBZ 1
| #define HAVE_SYS_TIME_H 1
| #define HAVE_UNISTD_H 1
| #define HAVE_STDLIB_H 1
| #define HAVE_STDIO_H 1
| #define HAVE_CONIO_H 1
| #define HAVE_STRING_H 1
| #define HAVE_MATH_H 1
| #define HAVE_TIME_H 1
| #define HAVE_CTYPE_H 1
| #define HAVE_IOSTREAM 1
| #define HAVE_FSTREAM 1
| #define HAVE_SSTREAM 1
| #define HAVE_STRSTREAM 1
| #define HAVE_TR1_MEMORY 1
| #define HAVE_LOCALE_H 1
| #define TIME_WITH_SYS_TIME 1
| #define HAVE_RINT 1
| /* end confdefs.h.  */
| /* Define uselocale to an innocuous variant, in case <limits.h> declares uselocale.
|    For example, HP-UX 11i <limits.h> declares gettimeofday.  */
| #define uselocale innocuous_uselocale
| 
| /* System header to define __stub macros and hopefully few prototypes,
|     which can conflict with char uselocale (); below.
|     Prefer <limits.h> to <assert.h> if __STDC__ is defined, since
|     <limits.h> exists even on freestanding compilers.  */
| 
| #ifdef __STDC__
| # include <limits.h>
| #else
| # include <assert.h>
| #endif
| 
| #undef uselocale
| 
| /* Override any GCC internal prototype to avoid an error.
|    Use char because int might match the return type of a GCC
|    builtin and then its argument prototype would still apply.  */
| #ifdef __cplusplus
| extern "C"
| #endif
| char uselocale ();
| /* The GNU C library defines this for functions which it implements
|     to always fail with ENOSYS.  Some functions are actually named
|     something starting with __ and the normal name is an alias.  */
| #if defined __stub_uselocale || defined __stub___uselocale
| choke me
| #endif
| 
| int
| main ()
| {
| return uselocale ();
|   ;
|   return 0;
| }
configure:20204: result: no
configure:20221: checking for snprintf
configure:20277: g++ -o conftest.exe -g -O2   conftest.cpp -lz -lm  >&5
configure:20284: $? = 0
configure:20306: result: yes
configure:20221: checking for strncasecmp
configure:20277: g++ -o conftest.exe -g -O2   conftest.cpp -lz -lm  >&5
configure:20284: $? = 0
configure:20306: result: yes
configure:20330: checking whether scandir needs a const cast
configure:20347: g++ -c -g -O2  conftest.cpp >&5
conftest.cpp:6: error: 'scandir' was not declared in this scope
configure:20354: $? = 1
configure: failed program was:
| 
| #include <sys/types.h>
| #include <dirent.h>
|  extern int matchFiles (struct dirent *entry_p);
|  struct dirent **entries_pp;
|  int count = scandir ("./", &entries_pp,  matchFiles, 0);
| 
configure:20388: result: yes
configure:20682: creating ./config.status

## ---------------------- ##
## Running config.status. ##
## ---------------------- ##

This file was extended by Open Babel config.status 2.2.3, which was
generated by GNU Autoconf 2.63.  Invocation command line was

  CONFIG_FILES    = 
  CONFIG_HEADERS  = 
  CONFIG_LINKS    = 
  CONFIG_COMMANDS = 
  $ ./config.status 

on BYJFX1

config.status:1174: creating Makefile
config.status:1174: creating data/Makefile
config.status:1174: creating src/Makefile
config.status:1174: creating src/math/Makefile
config.status:1174: creating src/formats/Makefile
config.status:1174: creating src/fingerprints/Makefile
config.status:1174: creating src/formats/xml/Makefile
config.status:1174: creating src/formats/inchi102/Makefile
config.status:1174: creating src/forcefields/Makefile
config.status:1174: creating src/GUI/Makefile
config.status:1174: creating src/descriptors/Makefile
config.status:1174: creating src/ops/Makefile
config.status:1174: creating include/Makefile
config.status:1174: creating include/openbabel/Makefile
config.status:1174: creating include/openbabel/math/Makefile
config.status:1174: creating test/Makefile
config.status:1174: creating test/cmltest/Makefile
config.status:1174: creating tools/Makefile
config.status:1174: creating doc/Makefile
config.status:1174: creating scripts/Makefile
config.status:1174: creating openbabel-2.0.pc
config.status:1174: creating src/config.h
config.status:1448: executing depfiles commands
config.status:1448: executing libtool commands
config.status:1448: executing include/openbabel/babelconfig.h commands

## ---------------- ##
## Cache variables. ##
## ---------------- ##

ac_cv_build=i686-pc-mingw32
ac_cv_c_bigendian=no
ac_cv_c_compiler_gnu=yes
ac_cv_c_const=yes
ac_cv_c_inline=inline
ac_cv_cxx_compiler_gnu=yes
ac_cv_env_CCC_set=
ac_cv_env_CCC_value=
ac_cv_env_CC_set=
ac_cv_env_CC_value=
ac_cv_env_CFLAGS_set=
ac_cv_env_CFLAGS_value=
ac_cv_env_CPPFLAGS_set=
ac_cv_env_CPPFLAGS_value=
ac_cv_env_CPP_set=
ac_cv_env_CPP_value=
ac_cv_env_CXXCPP_set=
ac_cv_env_CXXCPP_value=
ac_cv_env_CXXFLAGS_set=
ac_cv_env_CXXFLAGS_value=
ac_cv_env_CXX_set=
ac_cv_env_CXX_value=
ac_cv_env_LDFLAGS_set=
ac_cv_env_LDFLAGS_value=
ac_cv_env_LIBS_set=
ac_cv_env_LIBS_value=
ac_cv_env_WXCONFIG_set=
ac_cv_env_WXCONFIG_value=
ac_cv_env_build_alias_set=
ac_cv_env_build_alias_value=
ac_cv_env_host_alias_set=
ac_cv_env_host_alias_value=
ac_cv_env_target_alias_set=
ac_cv_env_target_alias_value=
ac_cv_exeext=.exe
ac_cv_func_rint=yes
ac_cv_func_snprintf=yes
ac_cv_func_sranddev=no
ac_cv_func_strncasecmp=yes
ac_cv_func_uselocale=no
ac_cv_header_conio_h=yes
ac_cv_header_ctype_h=yes
ac_cv_header_dlfcn_h=no
ac_cv_header_fstream=yes
ac_cv_header_fstream_h=no
ac_cv_header_inttypes_h=yes
ac_cv_header_iostream=yes
ac_cv_header_iostream_h=no
ac_cv_header_locale_h=yes
ac_cv_header_math_h=yes
ac_cv_header_memory_h=yes
ac_cv_header_regex_h=no
ac_cv_header_rpc_types_h=no
ac_cv_header_rpc_xdr_h=no
ac_cv_header_sstream=yes
ac_cv_header_stdc=yes
ac_cv_header_stdint_h=yes
ac_cv_header_stdio_h=yes
ac_cv_header_stdlib_h=yes
ac_cv_header_string_h=yes
ac_cv_header_strings_h=yes
ac_cv_header_strstream=yes
ac_cv_header_strstream_h=no
ac_cv_header_sys_stat_h=yes
ac_cv_header_sys_time_h=yes
ac_cv_header_sys_types_h=yes
ac_cv_header_time=yes
ac_cv_header_time_h=yes
ac_cv_header_tr1_memory=yes
ac_cv_header_unistd_h=yes
ac_cv_header_xlocale_h=no
ac_cv_header_zlib_h=yes
ac_cv_host=i686-pc-mingw32
ac_cv_lib_c_dlopen=no
ac_cv_lib_dl_dlopen=no
ac_cv_lib_inchi_GetINCHI=no
ac_cv_lib_m_asin=yes
ac_cv_lib_z_inflateEnd=yes
ac_cv_objext=o
ac_cv_path_EGREP='/mingw/bin/grep -E'
ac_cv_path_FGREP='/mingw/bin/grep -F'
ac_cv_path_GREP=/mingw/bin/grep
ac_cv_path_PERL=/c/Perl/bin/perl
ac_cv_path_PYTHON=/d/Python25//python
ac_cv_path_SED=/mingw/bin/sed
ac_cv_path_XML2_CONFIG=no
ac_cv_path_install='/bin/install -c'
ac_cv_path_mkdir=/bin/mkdir
ac_cv_prog_AWK=gawk
ac_cv_prog_CPP='gcc -E'
ac_cv_prog_CXXCPP='g++ -E'
ac_cv_prog_ac_ct_AR=ar
ac_cv_prog_ac_ct_AS=as
ac_cv_prog_ac_ct_CC=gcc
ac_cv_prog_ac_ct_CXX=g++
ac_cv_prog_ac_ct_DLLTOOL=dlltool
ac_cv_prog_ac_ct_OBJDUMP=objdump
ac_cv_prog_ac_ct_RANLIB=ranlib
ac_cv_prog_ac_ct_STRIP=strip
ac_cv_prog_cc_c89=
ac_cv_prog_cc_g=yes
ac_cv_prog_cxx_g=yes
ac_cv_prog_make_make_set=yes
ac_cv_type_clock_t=no
am_cv_CC_dependencies_compiler_type=gcc3
am_cv_CXX_dependencies_compiler_type=gcc3
lt_cv_deplibs_check_method='file_magic file format pei*-i386(.*architecture: i386)?'
lt_cv_dlopen=LoadLibrary
lt_cv_dlopen_libs=
lt_cv_file_magic_cmd='$OBJDUMP -f'
lt_cv_file_magic_test_file=
lt_cv_ld_reload_flag=-r
lt_cv_nm_interface='BSD nm'
lt_cv_objdir=.libs
lt_cv_path_LD=/mingw/bin/ld
lt_cv_path_LDCXX=/mingw/bin/ld
lt_cv_path_NM=/mingw/bin/nm
lt_cv_prog_compiler_c_o=yes
lt_cv_prog_compiler_c_o_CXX=yes
lt_cv_prog_compiler_pic_works=yes
lt_cv_prog_compiler_pic_works_CXX=yes
lt_cv_prog_compiler_rtti_exceptions=no
lt_cv_prog_compiler_static_works=yes
lt_cv_prog_compiler_static_works_CXX=yes
lt_cv_prog_gnu_ld=yes
lt_cv_prog_gnu_ldcxx=yes
lt_cv_sys_global_symbol_pipe='sed -n -e '\''s/^.*[	 ]\([ABCDGIRSTW][ABCDGIRSTW]*\)[	 ][	 ]*_\([_A-Za-z][_A-Za-z0-9]*\)\{0,1\}$/\1 _\2 \2/p'\'''
lt_cv_sys_global_symbol_to_c_name_address='sed -n -e '\''s/^: \([^ ]*\) $/  {\"\1\", (void *) 0},/p'\'' -e '\''s/^[ABCDGIRSTW]* \([^ ]*\) \([^ ]*\)$/  {"\2", (void *) \&\2},/p'\'''
lt_cv_sys_global_symbol_to_c_name_address_lib_prefix='sed -n -e '\''s/^: \([^ ]*\) $/  {\"\1\", (void *) 0},/p'\'' -e '\''s/^[ABCDGIRSTW]* \([^ ]*\) \(lib[^ ]*\)$/  {"\2", (void *) \&\2},/p'\'' -e '\''s/^[ABCDGIRSTW]* \([^ ]*\) \([^ ]*\)$/  {"lib\2", (void *) \&\2},/p'\'''
lt_cv_sys_global_symbol_to_cdecl='sed -n -e '\''s/^T .* \(.*\)$/extern int \1();/p'\'' -e '\''s/^[ABCDGIRSTW]* .* \(.*\)$/extern char \1;/p'\'''
lt_cv_sys_max_cmd_len=8192
zlib_cv_libz=yes
zlib_cv_zlib_h=yes

## ----------------- ##
## Output variables. ##
## ----------------- ##

ACLOCAL='${SHELL} "/c/Program Files/PostgreSQL/postgresql-8.3.5/contrib/pgchem_tigress/src/openbabel-2.2.3/missing" --run aclocal-1.11'
AMDEPBACKSLASH='\'
AMDEP_FALSE='#'
AMDEP_TRUE=''
AMTAR='${SHELL} "/c/Program Files/PostgreSQL/postgresql-8.3.5/contrib/pgchem_tigress/src/openbabel-2.2.3/missing" --run tar'
AR='ar'
AS='as'
AUTOCONF='sleep 9 ; true || autoconf || skipped'
AUTOHEADER='sleep 9 ; true || autoheader || skipped'
AUTOMAKE='sleep 9 ; true || automake || skipped'
AWK='gawk'
BIN2HEX_FALSE='#'
BIN2HEX_TRUE=''
BOOST_CPPFLAGS=''
BOOST_LDFLAGS=''
BUILD_CSHARP_FALSE='#'
BUILD_CSHARP_TRUE=''
BUILD_DOCS_FALSE=''
BUILD_DOCS_TRUE='#'
BUILD_INCHI_FALSE='#'
BUILD_INCHI_TRUE=''
BUILD_JAVA_FALSE=''
BUILD_JAVA_TRUE='#'
BUILD_PCH_FALSE=''
BUILD_PCH_TRUE='#'
BUILD_RUBY_FALSE=''
BUILD_RUBY_TRUE='#'
BUILD_SCRIPTS_FALSE='#'
BUILD_SCRIPTS_TRUE=''
BUILD_SHARED_FALSE=''
BUILD_SHARED_TRUE='#'
BUILD_SHARED_UNIX_FALSE=''
BUILD_SHARED_UNIX_TRUE='#'
BUILD_SHARED_WIN_FALSE=''
BUILD_SHARED_WIN_TRUE='#'
BUILD_SWIG_FALSE=''
BUILD_SWIG_TRUE='#'
BUILD_WXGUI_FALSE=''
BUILD_WXGUI_TRUE='#'
BUILD_XML_FALSE=''
BUILD_XML_TRUE='#'
BUILD_ZLIB_FALSE='#'
BUILD_ZLIB_TRUE=''
CC='gcc'
CCDEPMODE='depmode=gcc3'
CFLAGS='-g -O2'
CPP='gcc -E'
CPPFLAGS=''
CSHARP='mcs'
CXX='g++'
CXXCPP='g++ -E'
CXXDEPMODE='depmode=gcc3'
CXXFLAGS='-g -O2'
CYGPATH_W='echo'
DEFS='-DHAVE_CONFIG_H'
DEPDIR='.deps'
DLLTOOL='dlltool'
DOXYGEN=''
DSYMUTIL=''
DUMPBIN=''
ECHO_C=''
ECHO_N='-n'
ECHO_T=''
EGREP='/mingw/bin/grep -E'
EXEEXT='.exe'
FGREP='/mingw/bin/grep -F'
GREP='/mingw/bin/grep'
HAVE_REGEX_FALSE=''
HAVE_REGEX_TRUE='#'
HAVE_SHARED_POINTER_FALSE='#'
HAVE_SHARED_POINTER_TRUE=''
INSTALL_DATA='${INSTALL} -m 644'
INSTALL_PROGRAM='${INSTALL}'
INSTALL_SCRIPT='${INSTALL}'
INSTALL_STRIP_PROGRAM='$(install_sh) -c -s'
JAR=''
JAVAC=''
LD='/mingw/bin/ld'
LDFLAGS=''
LIBDL=''
LIBOBJS=''
LIBS='-lz -lm '
LIBTOOL='$(SHELL) $(top_builddir)/libtool'
LIPO=''
LN_S='cp -p'
LTLIBOBJS=''
MAINT='#'
MAINTAINER_MODE_FALSE=''
MAINTAINER_MODE_TRUE='#'
MAKEINFO='${SHELL} "/c/Program Files/PostgreSQL/postgresql-8.3.5/contrib/pgchem_tigress/src/openbabel-2.2.3/missing" --run makeinfo'
MKDIR_P='/bin/mkdir -p'
NM='/mingw/bin/nm'
NMEDIT=''
OBJDUMP='objdump'
OBJEXT='o'
OTOOL64=''
OTOOL=''
PACKAGE='openbabel'
PACKAGE_BUGREPORT='openbabel-discuss@lists.sourceforge.net'
PACKAGE_NAME='Open Babel'
PACKAGE_STRING='Open Babel 2.2.3'
PACKAGE_TARNAME='openbabel'
PACKAGE_VERSION='2.2.3'
PATH_SEPARATOR=':'
PERL='/c/Perl/bin/perl'
PERL_TESTS_FALSE=''
PERL_TESTS_TRUE='#'
PROVE=''
PYTHON='/d/Python25//python'
RANLIB='ranlib'
RUBY=''
SED='/mingw/bin/sed'
SET_MAKE=''
SHELL='/bin/sh'
STRIP='strip'
SWIG=''
USE_BOOST_FLAGS_FALSE=''
USE_BOOST_FLAGS_TRUE='#'
VERSION='2.2.3'
WXCONFIG=''
WX_CPPFLAGS=''
WX_CXXFLAGS=''
WX_LIBS=''
XML2_CONFIG='no'
XML_CPPFLAGS=''
XML_LIBS=''
ac_ct_CC='gcc'
ac_ct_CXX='g++'
ac_ct_DUMPBIN=''
am__EXEEXT_FALSE='#'
am__EXEEXT_TRUE=''
am__fastdepCC_FALSE='#'
am__fastdepCC_TRUE=''
am__fastdepCXX_FALSE='#'
am__fastdepCXX_TRUE=''
am__include='include'
am__isrc=''
am__leading_dot='.'
am__quote=''
am__tar='${AMTAR} chof - "$$tardir"'
am__untar='${AMTAR} xf -'
bindir='${exec_prefix}/bin'
build='i686-pc-mingw32'
build_alias=''
build_cpu='i686'
build_os='mingw32'
build_vendor='pc'
datadir='${datarootdir}'
datarootdir='${prefix}/share'
docdir='${datarootdir}/doc/${PACKAGE_TARNAME}'
dvidir='${docdir}'
exec_prefix='${prefix}'
host='i686-pc-mingw32'
host_alias=''
host_cpu='i686'
host_os='mingw32'
host_vendor='pc'
htmldir='${docdir}'
includedir='${prefix}/include'
infodir='${datarootdir}/info'
install_sh='${SHELL} '\''/c/Program Files/PostgreSQL/postgresql-8.3.5/contrib/pgchem_tigress/src/openbabel-2.2.3/install-sh'\'''
libdir='${exec_prefix}/lib'
libexecdir='${exec_prefix}/libexec'
localedir='${datarootdir}/locale'
localstatedir='${prefix}/var'
lt_ECHO='echo'
mandir='${datarootdir}/man'
mkdir_p='/bin/mkdir -p'
oldincludedir='/usr/include'
pdfdir='${docdir}'
pkglibdir='$(libdir)/$(PACKAGE)'
prefix='/usr/local'
program_transform_name='s,x,x,'
psdir='${docdir}'
sbindir='${exec_prefix}/sbin'
sharedstatedir='${prefix}/com'
sysconfdir='${prefix}/etc'
target_alias=''

## ----------- ##
## confdefs.h. ##
## ----------- ##

#define PACKAGE_NAME "Open Babel"
#define PACKAGE_TARNAME "openbabel"
#define PACKAGE_VERSION "2.2.3"
#define PACKAGE_STRING "Open Babel 2.2.3"
#define PACKAGE_BUGREPORT "openbabel-discuss@lists.sourceforge.net"
#define BABEL_VERSION "2.2.3"
#define BABEL_DATADIR "/usr/local/share/openbabel"
#define HAVE_BOOST /**/
#define STDC_HEADERS 1
#define HAVE_SYS_TYPES_H 1
#define HAVE_SYS_STAT_H 1
#define HAVE_STDLIB_H 1
#define HAVE_STRING_H 1
#define HAVE_MEMORY_H 1
#define HAVE_STRINGS_H 1
#define HAVE_INTTYPES_H 1
#define HAVE_STDINT_H 1
#define HAVE_UNISTD_H 1
#define LT_OBJDIR ".libs/"
#define MODULE_EXTENSION ".dll"
#define HAVE_LIBM 1
#define HAVE_LIBZ 1
#define HAVE_SYS_TIME_H 1
#define HAVE_UNISTD_H 1
#define HAVE_STDLIB_H 1
#define HAVE_STDIO_H 1
#define HAVE_CONIO_H 1
#define HAVE_STRING_H 1
#define HAVE_MATH_H 1
#define HAVE_TIME_H 1
#define HAVE_CTYPE_H 1
#define HAVE_IOSTREAM 1
#define HAVE_FSTREAM 1
#define HAVE_SSTREAM 1
#define HAVE_STRSTREAM 1
#define HAVE_TR1_MEMORY 1
#define HAVE_LOCALE_H 1
#define TIME_WITH_SYS_TIME 1
#define HAVE_RINT 1
#define HAVE_SNPRINTF 1
#define HAVE_STRNCASECMP 1
#define SCANDIR_T (int (*)(const dirent *))
#define SCANDIR_CONST const

configure: exit 0
