This is pdfTeX, Version 3.141592-1.40.7 (MiKTeX 2.7) (preloaded format=pdflatex 2008.6.24)  18 MAR 2010 15:29
entering extended mode
**C:/Program*Files/PostgreSQL/postgresql-8.4.2/contrib/pgchem_tigress/doc/userg
uide/pgchem_usersguide/pgchem_usersguide.tex

("C:/Program Files/PostgreSQL/postgresql-8.4.2/contrib/pgchem_tigress/doc/userg
uide/pgchem_usersguide/pgchem_usersguide.tex"
LaTeX2e <2005/12/01>
Babel <v3.8j> and hyphenation patterns for english, dumylang, nohyphenation, ge
rman, ngerman, french, loaded.
("d:\Program Files\MiKTeX 2.7\tex\latex\base\article.cls"
Document Class: article 2005/09/16 v1.4f Standard LaTeX document class
("d:\Program Files\MiKTeX 2.7\tex\latex\base\size10.clo"
File: size10.clo 2005/09/16 v1.4f Standard LaTeX file (size option)
)
\c@part=\count79
\c@section=\count80
\c@subsection=\count81
\c@subsubsection=\count82
\c@paragraph=\count83
\c@subparagraph=\count84
\c@figure=\count85
\c@table=\count86
\abovecaptionskip=\skip41
\belowcaptionskip=\skip42
\bibindent=\dimen102
)
("d:\Program Files\MiKTeX 2.7\tex\latex\base\inputenc.sty"
Package: inputenc 2006/05/05 v1.1b Input encoding file
\inpenc@prehook=\toks14
\inpenc@posthook=\toks15

("d:\Program Files\MiKTeX 2.7\tex\latex\base\latin1.def"
File: latin1.def 2006/05/05 v1.1b Input encoding file
))
("d:\Program Files\MiKTeX 2.7\tex\latex\graphics\graphicx.sty"
Package: graphicx 1999/02/16 v1.0f Enhanced LaTeX Graphics (DPC,SPQR)

("d:\Program Files\MiKTeX 2.7\tex\latex\graphics\keyval.sty"
Package: keyval 1999/03/16 v1.13 key=value parser (DPC)
\KV@toks@=\toks16
)
("d:\Program Files\MiKTeX 2.7\tex\latex\graphics\graphics.sty"
Package: graphics 2006/02/20 v1.0o Standard LaTeX Graphics (DPC,SPQR)

("d:\Program Files\MiKTeX 2.7\tex\latex\graphics\trig.sty"
Package: trig 1999/03/16 v1.09 sin cos tan (DPC)
)
("d:\Program Files\MiKTeX 2.7\tex\latex\00miktex\graphics.cfg"
File: graphics.cfg 2007/01/18 v1.5 graphics configuration of teTeX/TeXLive
)
Package graphics Info: Driver file: pdftex.def on input line 90.

("d:\Program Files\MiKTeX 2.7\tex\latex\graphics\pdftex.def"
File: pdftex.def 2007/06/12 v0.04h Graphics/color for pdfTeX
\Gread@gobject=\count87
))
\Gin@req@height=\dimen103
\Gin@req@width=\dimen104
)
("d:\Program Files\MiKTeX 2.7\tex\latex\float\float.sty"
Package: float 2001/11/08 v1.3d Float enhancements (AL)
\c@float@type=\count88
\float@exts=\toks17
\float@box=\box26
\@float@everytoks=\toks18
\@floatcapt=\box27
)
\@float@every@figure=\toks19

(pgchem_usersguide.aux)
LaTeX Font Info:    Checking defaults for OML/cmm/m/it on input line 7.
LaTeX Font Info:    ... okay on input line 7.
LaTeX Font Info:    Checking defaults for T1/cmr/m/n on input line 7.
LaTeX Font Info:    ... okay on input line 7.
LaTeX Font Info:    Checking defaults for OT1/cmr/m/n on input line 7.
LaTeX Font Info:    ... okay on input line 7.
LaTeX Font Info:    Checking defaults for OMS/cmsy/m/n on input line 7.
LaTeX Font Info:    ... okay on input line 7.
LaTeX Font Info:    Checking defaults for OMX/cmex/m/n on input line 7.
LaTeX Font Info:    ... okay on input line 7.
LaTeX Font Info:    Checking defaults for U/cmr/m/n on input line 7.
LaTeX Font Info:    ... okay on input line 7.

("d:\Program Files\MiKTeX 2.7\tex\context\base\supp-pdf.tex"
[Loading MPS to PDF converter (version 2006.09.02).]
\scratchcounter=\count89
\scratchdimen=\dimen105
\scratchbox=\box28
\nofMPsegments=\count90
\nofMParguments=\count91
\everyMPshowfont=\toks20
\MPscratchCnt=\count92
\MPscratchDim=\dimen106
\MPnumerator=\count93
\everyMPtoPDFconversion=\toks21
)
LaTeX Font Info:    External font `cmex10' loaded for size
(Font)              <12> on input line 11.
LaTeX Font Info:    External font `cmex10' loaded for size
(Font)              <8> on input line 11.
LaTeX Font Info:    External font `cmex10' loaded for size
(Font)              <6> on input line 11.
 [1

{C:/Documents and Settings/imseg/Local Settings/Application Data/MiKTeX/2.7/pdf
tex/config/pdftex.map}] (pgchem_usersguide.toc)
\tf@toc=\write3
 [2]
Overfull \hbox (14.61064pt too wide) in paragraph at lines 23--23
\OT1/cmr/m/n/10 pgchem::tigress is a chemoin-for-mat-ics ex-ten-sion to the Pos
t-greSQL object-relational
 []


Overfull \hbox (15.2681pt too wide) in paragraph at lines 23--23
\OT1/cmr/m/n/10 database man-age-ment sys-tem. It en-ables Post-greSQL to han-d
le chem-i-cal datatypes.
 []

LaTeX Font Info:    Try loading font information for OMS+cmr on input line 25.
("d:\Program Files\MiKTeX 2.7\tex\latex\base\omscmr.fd"
File: omscmr.fd 1999/05/25 v2.5h Standard LaTeX font definitions
)
LaTeX Font Info:    Font shape `OMS/cmr/m/n' in size <10> not available
(Font)              Font shape `OMS/cmsy/m/n' tried instead on input line 25.
LaTeX Font Info:    External font `cmex10' loaded for size
(Font)              <7> on input line 30.
LaTeX Font Info:    External font `cmex10' loaded for size
(Font)              <5> on input line 30.
 [3] [4] [5]
Overfull \hbox (6.9047pt too wide) in paragraph at lines 143--144
[]\OT1/cmr/m/it/10 total[]charge(molecule) \OT1/cmr/m/n/10 takes a molecule and
 re-turns the to-tal charge (0=neu-
 []


Overfull \hbox (2.68639pt too wide) in paragraph at lines 147--148
[]\OT1/cmr/m/it/10 number[]of[]rotatable[]bonds(molecule) \OT1/cmr/m/n/10 takes
 a molecule and re-turns the num-
 []

[6] [7] [8] [9]
Overfull \hbox (49.22314pt too wide) in paragraph at lines 270--271
[]\OT1/cmr/m/n/10 checkmol/matchmol: http://merian.pch.univie.ac.at/$\OMS/cmsy/
m/n/10 $\OT1/cmr/m/n/10 nhaider/cheminf/cmmm.html 
 []


Underfull \hbox (badness 1354) in paragraph at lines 298--299
[]\OT1/cmr/m/n/10 number of sul-fur atoms and se-le-nium/tellurium
 []


Overfull \hbox (85.4669pt too wide) in paragraph at lines 279--344
[][] 
 []


Overfull \hbox (41.65207pt too wide) in paragraph at lines 350--363
[][] 
 []

[10] [11] (pgchem_usersguide.aux) ) 
Here is how much of TeX's memory you used:
 1033 strings out of 95337
 12811 string characters out of 1184081
 67773 words of memory out of 1500000
 4253 multiletter control sequences out of 110000
 8716 words of font info for 31 fonts, out of 1200000 for 2000
 14 hyphenation exceptions out of 8191
 25i,10n,19p,678b,221s stack positions out of 5000i,500n,10000p,200000b,5000s
<d:/Program Files/MiKTeX 2.7/fonts/type1/blu
esky/cm/cmbx10.pfb><d:/Program Files/MiKTeX 2.7/fonts/type1/bluesky/cm/cmbx12.p
fb><d:/Program Files/MiKTeX 2.7/fonts/type1/bluesky/cm/cmmi10.pfb><d:/Program F
iles/MiKTeX 2.7/fonts/type1/bluesky/cm/cmr10.pfb><d:/Program Files/MiKTeX 2.7/f
onts/type1/bluesky/cm/cmr12.pfb><d:/Program Files/MiKTeX 2.7/fonts/type1/bluesk
y/cm/cmr17.pfb><d:/Program Files/MiKTeX 2.7/fonts/type1/bluesky/cm/cmr6.pfb><d:
/Program Files/MiKTeX 2.7/fonts/type1/bluesky/cm/cmr7.pfb><d:/Program Files/MiK
TeX 2.7/fonts/type1/bluesky/cm/cmr8.pfb><d:/Program Files/MiKTeX 2.7/fonts/type
1/bluesky/cm/cmsy10.pfb><d:/Program Files/MiKTeX 2.7/fonts/type1/bluesky/cm/cmt
i10.pfb><d:/Program Files/MiKTeX 2.7/fonts/type1/bluesky/cm/cmtt10.pfb>
Output written on pgchem_usersguide.pdf (11 pages, 120098 bytes).
PDF statistics:
 86 PDF objects out of 1000 (max. 8388607)
 0 named destinations out of 1000 (max. 131072)
 1 words of extra memory for PDF output out of 10000 (max. 10000000)

